#
# A fatal error has been detected by the Java Runtime Environment:
#
#  SIGBUS (0x7) at pc=0x00007292f3f527b4, pid=2845, tid=2875
#
# JRE version: OpenJDK Runtime Environment (21.0.10+7) (build 21.0.10+7-Ubuntu-124.04)
# Java VM: OpenJDK 64-Bit Server VM (21.0.10+7-Ubuntu-124.04, mixed mode, sharing, tiered, compressed oops, compressed class ptrs, g1 gc, linux-amd64)
# Problematic frame:
# V  [libjvm.so+0xb527b4]  klassVtable::is_miranda(Method*, Array<Method*>*, Array<Method*>*, Klass const*, bool)+0x4
#
# Core dump will be written. Default location: Core dumps may be processed with "/wsl-capture-crash %t %E %p %s" (or dumping to /root/Car-project/car-server/core.2845)
#
# If you would like to submit a bug report, please visit:
#   https://bugs.launchpad.net/ubuntu/+source/openjdk-21
#

---------------  S U M M A R Y ------------

Command Line: -Djansi.mode=force -Dclassworlds.conf=/usr/share/maven/bin/m2.conf -Dmaven.home=/usr/share/maven -Dlibrary.jansi.path=/usr/share/maven/lib/jansi-native -Dmaven.multiModuleProjectDirectory=/root/Car-project/car-server org.codehaus.plexus.classworlds.launcher.Launcher spring-boot:run

Host: Intel(R) Core(TM) i5-6300U CPU @ 2.40GHz, 4 cores, 3G, Ubuntu 24.04.3 LTS
Time: Wed Feb 11 14:43:51 2026 +01 elapsed time: 714.893311 seconds (0d 0h 11m 54s)

---------------  T H R E A D  ---------------

Current thread (0x00007292ec0dc0d0):  JavaThread "Signal Dispatcher" daemon [_thread_in_vm, id=2875, stack(0x00007292f0a10000,0x00007292f0b10000) (1024K)]

Stack: [0x00007292f0a10000,0x00007292f0b10000],  sp=0x00007292f0b0dc28,  free space=1015k
Native frames: (J=compiled Java code, j=interpreted, Vv=VM code, C=native code)
V  [libjvm.so+0xb527b4]  klassVtable::is_miranda(Method*, Array<Method*>*, Array<Method*>*, Klass const*, bool)+0x4
V  [libjvm.so+0xb54255]  klassVtable::compute_vtable_size_and_num_mirandas(int*, int*, GrowableArray<Method*>*, Klass const*, Array<Method*>*, AccessFlags, unsigned short, Handle, Symbol*, Array<InstanceKlass*>*)+0x175
V  [libjvm.so+0x60b80d]  ClassFileParser::post_process_parsed_stream(ClassFileStream const*, ConstantPool*, JavaThread*)+0x69d
V  [libjvm.so+0xb5196a]  KlassFactory::create_from_stream(ClassFileStream*, Symbol*, ClassLoaderData*, ClassLoadInfo const&, JavaThread*)+0x1fa
V  [libjvm.so+0x61b361]  ClassLoader::load_class(Symbol*, bool, JavaThread*)+0x191
V  [libjvm.so+0xf4fc3c]  SystemDictionary::load_instance_class_impl(Symbol*, Handle, JavaThread*)+0x3bc
V  [libjvm.so+0xf4dfe0]  SystemDictionary::load_instance_class(Symbol*, Handle, JavaThread*)+0x20
V  [libjvm.so+0xf4e558]  SystemDictionary::resolve_instance_class_or_null(Symbol*, Handle, Handle, JavaThread*)+0x438
V  [libjvm.so+0xf4fe92]  SystemDictionary::resolve_or_fail(Symbol*, Handle, Handle, bool, JavaThread*)+0x52
V  [libjvm.so+0x695bc0]  ConstantPool::klass_at_impl(constantPoolHandle const&, int, JavaThread*)+0x160
V  [libjvm.so+0x908fc6]  InterpreterRuntime::_new(JavaThread*, ConstantPool*, int)+0x66
j  jdk.internal.misc.Signal.dispatch(I)V+25 java.base@21.0.10
v  ~StubRoutines::call_stub 0x00007292dbd37cc6
V  [libjvm.so+0x9140ba]  JavaCalls::call_helper(JavaValue*, methodHandle const&, JavaCallArguments*, JavaThread*)+0x2da
V  [libjvm.so+0x914513]  JavaCalls::call_static(JavaValue*, Klass*, Symbol*, Symbol*, JavaCallArguments*, JavaThread*)+0x113
V  [libjvm.so+0xcf8d57]  signal_thread_entry(JavaThread*, JavaThread*)+0x277
V  [libjvm.so+0x92c066]  JavaThread::thread_main_inner()+0x1e6
V  [libjvm.so+0xf8fef7]  Thread::call_run()+0xa7
V  [libjvm.so+0xd06565]  thread_native_entry(Thread*)+0xd5
C  [libc.so.6+0x9caa4]
Java frames: (J=compiled Java code, j=interpreted, Vv=VM code)
j  jdk.internal.misc.Signal.dispatch(I)V+25 java.base@21.0.10
v  ~StubRoutines::call_stub 0x00007292dbd37cc6

siginfo: si_signo: 7 (SIGBUS), si_code: 2 (BUS_ADRERR), si_addr: 0x000072927742d948
Error accessing class data sharing archive. Mapped file inaccessible during execution, possible disk/network problem.
Registers:
RAX=0x0000000000000000, RBX=0x0000729277bc2720, RCX=0x0000729277000e90, RDX=0x0000000000000000
RSP=0x00007292f0b0dc28, RBP=0x00007292f0b0dc80, RSI=0x0000729273fb2928, RDI=0x000072927742d920
R8 =0x0000000000000000, R9 =0x0000000000000000, R10=0x0000000000000000, R11=0x0000000000000000
R12=0x0000729277bc2728, R13=0x000072927742d920, R14=0x00007292f0b0dcd0, R15=0x000072925c001068
RIP=0x00007292f3f527b4, EFLAGS=0x0000000000010246, CSGSFS=0x002b000000000033, ERR=0x0000000000000004
  TRAPNO=0x000000000000000e

XMM[0]=0x0000000000000000 0x0000000000000000
XMM[1]=0x0000000000000000 0x0000000200000002
XMM[2]=0x0000000000000000 0x0000000000000002
XMM[3]=0x0000000000000000 0x00000000000000ff
XMM[4]=0x0000000000000000 0x000072925c000090
XMM[5]=0x0000000000000000 0x000000000000003e
XMM[6]=0x0000000000000000 0x0000000000000000
XMM[7]=0x0000000000000000 0x0000000000000000
XMM[8]=0x40247c8b48382444 0x8b4c30244c8b4c28
XMM[9]=0x2020200020200000 0x0000000000000000
XMM[10]=0x3f3f3f3f3f3f3f3f 0x3f3f3f3f3f3f3f3f
XMM[11]=0x9999999999999999 0x9999999999999999
XMM[12]=0x2020202020202020 0x2020202020202020
XMM[13]=0x0000000000000000 0x0000000000000000
XMM[14]=0x0000000000000000 0x0000000000000000
XMM[15]=0x0000000000000000 0x0000000000000000
  MXCSR=0x00001fa2


Register to memory mapping:

RAX=0x0 is null
RBX=0x0000729277bc2720 is pointing into metadata
RCX=0x0000729277000e90 is a pointer to class: 
java.lang.Object {0x0000729277000e90}
 - instance size:     2
 - klass size:        65
 - access:            public synchronized 
 - flags:             rewritten is_shared_boot_class has_localvariable_table has_vanilla_constructor has_final_method 
 - state:             fully_initialized
 - name:              'java/lang/Object'
 - super:             null
 - sub:               'sun/misc/Signal$SunMiscHandler'   'sun/misc/Signal$InternalMiscHandler'   'org/springframework/boot/loader/tools/SignalUtils$$Lambda+0x00007292782138d0'   'java/lang/invoke/LambdaForm$DMH+0x0000729278217000'   
[error occurred during error reporting (printing register info), id 0x7, SIGBUS (0x7) at pc=0x00007292f3f4f4fc]
RDX=0x0 is null
RSP=0x00007292f0b0dc28 is pointing into the stack for thread: 0x00007292ec0dc0d0
RBP=0x00007292f0b0dc80 is pointing into the stack for thread: 0x00007292ec0dc0d0
RSI=0x0000729273fb2928 is pointing into metadata
RDI=0x000072927742d920 is pointing into metadata
R8 =0x0 is null
R9 =0x0 is null
R10=0x0 is null
R11=0x0 is null
R12=0x0000729277bc2728 is pointing into metadata
R13=0x000072927742d920 is pointing into metadata
R14=0x00007292f0b0dcd0 is pointing into the stack for thread: 0x00007292ec0dc0d0
R15=0x000072925c001068 points into unknown readable memory: 0x0000001400000000 | 00 00 00 00 14 00 00 00

Top of Stack: (sp=0x00007292f0b0dc28)
0x00007292f0b0dc28:   00007292f3f54046 00007292f0b0dc80
0x00007292f0b0dc38:   0000729273fb2928 0000000073fb2740
0x00007292f0b0dc48:   0000729277000e90 0000000000000000
0x00007292f0b0dc58:   0000729273fb2928 000072925c001068
0x00007292f0b0dc68:   00007292774fca00 00007292f0b0dcd0
0x00007292f0b0dc78:   0000729277018058 00007292f0b0dd20
0x00007292f0b0dc88:   00007292f3f54255 0000729200000006
0x00007292f0b0dc98:   00007292f0b0e080 00007292f0b0e078
0x00007292f0b0dca8:   0000729200000000 0000729273fb2920
0x00007292f0b0dcb8:   0000729273fb2918 0000729200000000
0x00007292f0b0dcc8:   0000729277000e90 0000001400000000
0x00007292f0b0dcd8:   000072925c001120 0000000000000000
0x00007292f0b0dce8:   0000729273fb2928 0000000200000001
0x00007292f0b0dcf8:   00007292f0b0df10 000072925c001068
0x00007292f0b0dd08:   0000000000000000 0000729273fb2928
0x00007292f0b0dd18:   0000729273fb2918 00007292f0b0de40
0x00007292f0b0dd28:   00007292f3a0b80d 0000000000000041
0x00007292f0b0dd38:   0000000000000000 00007292774fca00
0x00007292f0b0dd48:   0000729273fb2918 0000000000000000
0x00007292f0b0dd58:   0000000000000000 0000000000000000
0x00007292f0b0dd68:   0000000000000000 0000000000000000
0x00007292f0b0dd78:   0000000000000000 0000000000000000
0x00007292f0b0dd88:   0000000200000000 0000000200000002
0x00007292f0b0dd98:   00007292ec0dc0d0 0000000000000000
0x00007292f0b0dda8:   0000000000000000 0000000000000000
0x00007292f0b0ddb8:   f7758bea34c57c00 0000000000000000
0x00007292f0b0ddc8:   00007292f0b0df10 00007292ec0dcbd0
0x00007292f0b0ddd8:   00007292ec0dc0d0 00007292ec0ad2c0
0x00007292f0b0dde8:   00007292f490c1e7 00007292f0b0de40
0x00007292f0b0ddf8:   00007292f3a117de 00007292f0b0de90
0x00007292f0b0de08:   00007292f4aac1d5 00007292ec015cd8
0x00007292f0b0de18:   00007292ec0dc7e0 00007292ec0dcbd0 

Instructions: (pc=0x00007292f3f527b4)
0x00007292f3f526b4:   8b b8 90 01 00 00 f6 42 28 0a 74 18 31 c0 48 83
0x00007292f3f526c4:   c4 08 5b 41 5c 41 5d 41 5e 41 5f 5d c3 0f 1f 80
0x00007292f3f526d4:   00 00 00 00 f6 41 1c 40 75 e2 0f b7 41 24 41 b9
0x00007292f3f526e4:   01 00 00 00 41 b8 01 00 00 00 4c 8b 64 c6 48 0f
0x00007292f3f526f4:   b7 41 26 31 c9 4c 8b 7c c6 48 4c 89 e6 4c 89 fa
0x00007292f3f52704:   e8 17 f3 d8 ff 48 85 c0 75 b2 4d 85 ed 74 13 4c
0x00007292f3f52714:   89 fa 4c 89 e6 4c 89 ef e8 4f ee d8 ff 48 85 c0
0x00007292f3f52724:   75 9a 48 85 db 74 47 41 81 e6 00 02 00 00 74 51
0x00007292f3f52734:   0f 1f 40 00 48 89 df 41 b9 01 00 00 00 31 c9 4c
0x00007292f3f52744:   89 fa 41 b8 01 00 00 00 4c 89 e6 e8 9c f2 d8 ff
0x00007292f3f52754:   48 89 c7 48 85 c0 74 0d e8 5f 97 3f 00 84 c0 0f
0x00007292f3f52764:   84 57 ff ff ff 48 8b 5b 78 48 85 db 75 c6 b8 01
0x00007292f3f52774:   00 00 00 e9 46 ff ff ff 48 8b 5b 78 48 85 db 74
0x00007292f3f52784:   ed 31 c9 41 b9 01 00 00 00 4c 89 fa 4c 89 e6 41
0x00007292f3f52794:   b8 01 00 00 00 48 89 df e8 4f f2 d8 ff 48 85 c0
0x00007292f3f527a4:   0f 85 16 ff ff ff eb d0 0f 1f 40 00 f3 0f 1e fa
0x00007292f3f527b4:   f6 47 28 0a 74 06 31 c0 c3 0f 1f 00 55 48 89 e5
0x00007292f3f527c4:   41 57 41 56 49 89 d6 41 55 41 54 53 48 83 ec 08
0x00007292f3f527d4:   48 8b 57 08 f6 42 1c 40 75 40 48 89 f0 48 89 cb
0x00007292f3f527e4:   0f b7 72 24 48 8b 4a 08 0f b7 52 26 45 89 c7 41
0x00007292f3f527f4:   b9 01 00 00 00 48 89 c7 4c 8b 6c f1 48 41 b8 01
0x00007292f3f52804:   00 00 00 4c 8b 64 d1 48 31 c9 4c 89 ee 4c 89 e2
0x00007292f3f52814:   e8 07 f2 d8 ff 48 85 c0 74 12 31 c0 48 83 c4 08
0x00007292f3f52824:   5b 41 5c 41 5d 41 5e 41 5f 5d c3 90 4d 85 f6 74
0x00007292f3f52834:   13 4c 89 e2 4c 89 ee 4c 89 f7 e8 2d ed d8 ff 48
0x00007292f3f52844:   85 c0 75 d6 48 85 db 74 41 45 84 ff 74 4c 66 0f
0x00007292f3f52854:   1f 44 00 00 48 89 df 41 b9 01 00 00 00 31 c9 4c
0x00007292f3f52864:   89 e2 41 b8 01 00 00 00 4c 89 ee e8 7c f1 d8 ff
0x00007292f3f52874:   48 89 c7 48 85 c0 74 09 e8 3f 96 3f 00 84 c0 74
0x00007292f3f52884:   99 48 8b 5b 78 48 85 db 75 ca b8 01 00 00 00 eb
0x00007292f3f52894:   8b 48 8b 5b 78 48 85 db 74 f0 31 c9 41 b9 01 00
0x00007292f3f528a4:   00 00 4c 89 e2 4c 89 ee 41 b8 01 00 00 00 48 89 


Stack slot to memory mapping:

stack at sp + 0 slots: 0x00007292f3f54046: <offset 0x0000000000b54046> in /usr/lib/jvm/java-21-openjdk-amd64/lib/server/libjvm.so at 0x00007292f3400000
stack at sp + 1 slots: 0x00007292f0b0dc80 is pointing into the stack for thread: 0x00007292ec0dc0d0
stack at sp + 2 slots: 0x0000729273fb2928 is pointing into metadata
stack at sp + 3 slots: 0x0000000073fb2740 is an unknown value
stack at sp + 4 slots: 0x0000729277000e90 is a pointer to class: 
java.lang.Object {0x0000729277000e90}
 - instance size:     2
 - klass size:        65
 - access:            public synchronized 
 - flags:             rewritten is_shared_boot_class has_localvariable_table has_vanilla_constructor has_final_method 
 - state:             fully_initialized
 - name:              'java/lang/Object'
 - super:             null
 - sub:               'sun/misc/Signal$SunMiscHandler'   'sun/misc/Signal$InternalMiscHandler'   'org/springframework/boot/loader/tools/SignalUtils$$Lambda+0x00007292782138d0'   'java/lang/invoke/LambdaForm$DMH+0x0000729278217000'   
[error occurred during error reporting (inspecting top of stack), id 0x7, SIGBUS (0x7) at pc=0x00007292f3f4f4fc]
stack at sp + 5 slots: 0x0 is null
stack at sp + 6 slots: 0x0000729273fb2928 is pointing into metadata
stack at sp + 7 slots: 0x000072925c001068 points into unknown readable memory: 0x0000001400000000 | 00 00 00 00 14 00 00 00


---------------  P R O C E S S  ---------------

Threads class SMR info:
_java_thread_list=0x00007292ecb63090, length=11, elements={
0x00007292ec019a30, 0x00007292ec0d93b0, 0x00007292ec0da930, 0x00007292ec0dc0d0,
0x00007292ec0dd720, 0x00007292ec0decd0, 0x00007292ec0e0820, 0x00007292ec0e1ef0,
0x00007292ec105d70, 0x00007292ec1090b0, 0x00007292ecb62250
}

Java Threads: ( => current thread )
  0x00007292ec019a30 JavaThread "main"                              [_thread_blocked, id=2865, stack(0x00007292f3300000,0x00007292f3400000) (1024K)]
  0x00007292ec0d93b0 JavaThread "Reference Handler"          daemon [_thread_blocked, id=2873, stack(0x00007292f0c10000,0x00007292f0d10000) (1024K)]
  0x00007292ec0da930 JavaThread "Finalizer"                  daemon [_thread_blocked, id=2874, stack(0x00007292f0b10000,0x00007292f0c10000) (1024K)]
=>0x00007292ec0dc0d0 JavaThread "Signal Dispatcher"          daemon [_thread_in_vm, id=2875, stack(0x00007292f0a10000,0x00007292f0b10000) (1024K)]
  0x00007292ec0dd720 JavaThread "Service Thread"             daemon [_thread_blocked, id=2876, stack(0x00007292f0910000,0x00007292f0a10000) (1024K)]
  0x00007292ec0decd0 JavaThread "Monitor Deflation Thread"   daemon [_thread_blocked, id=2877, stack(0x00007292f0810000,0x00007292f0910000) (1024K)]
  0x00007292ec0e0820 JavaThread "C2 CompilerThread0"         daemon [_thread_blocked, id=2878, stack(0x00007292f0710000,0x00007292f0810000) (1024K)]
  0x00007292ec0e1ef0 JavaThread "C1 CompilerThread0"         daemon [_thread_blocked, id=2879, stack(0x00007292f0610000,0x00007292f0710000) (1024K)]
  0x00007292ec105d70 JavaThread "Notification Thread"        daemon [_thread_blocked, id=2880, stack(0x00007292f043f000,0x00007292f053f000) (1024K)]
  0x00007292ec1090b0 JavaThread "Common-Cleaner"             daemon [_thread_blocked, id=2881, stack(0x00007292f033f000,0x00007292f043f000) (1024K)]
  0x00007292ecb62250 JavaThread "process reaper (pid 2922)"  daemon [_thread_in_native, id=2929, stack(0x00007292f001b000,0x00007292f003d000) (136K)]
Total: 11

Other Threads:
  0x00007292ec0cd850 VMThread "VM Thread"                           [id=2872, stack(0x00007292f0d6a000,0x00007292f0e6a000) (1024K)]
  0x00007292ec0bbe90 WatcherThread "VM Periodic Task Thread"        [id=2871, stack(0x00007292f0e6b000,0x00007292f0f6b000) (1024K)]
  0x00007292ec051a70 WorkerThread "GC Thread#0"                     [id=2866, stack(0x00007292f1774000,0x00007292f1874000) (1024K)]
  0x000072926c006970 WorkerThread "GC Thread#1"                     [id=2883, stack(0x00007292f013f000,0x00007292f023f000) (1024K)]
  0x000072926c00b0e0 WorkerThread "GC Thread#2"                     [id=2884, stack(0x00007292f003e000,0x00007292f013e000) (1024K)]
  0x000072926c00c8d0 WorkerThread "GC Thread#3"                     [id=2912, stack(0x00007292ebf00000,0x00007292ec000000) (1024K)]
  0x00007292ec05a1c0 ConcurrentGCThread "G1 Main Marker"            [id=2867, stack(0x00007292f1673000,0x00007292f1773000) (1024K)]
  0x00007292ec05b170 WorkerThread "G1 Conc#0"                       [id=2868, stack(0x00007292f1572000,0x00007292f1672000) (1024K)]
  0x00007292ec0a1950 ConcurrentGCThread "G1 Refine#0"               [id=2869, stack(0x00007292f106d000,0x00007292f116d000) (1024K)]
  0x00007292ec0a2920 ConcurrentGCThread "G1 Service"                [id=2870, stack(0x00007292f0f6c000,0x00007292f106c000) (1024K)]
Total: 10

Threads with active compile tasks:
Total: 0

VM state: not at safepoint (normal execution)

VM Mutex/Monitor currently owned by a thread: None

Heap address: 0x00000000c7600000, size: 906 MB, Compressed Oops mode: 32-bit

CDS archive(s) mapped at: [0x0000729277000000-0x0000729277c9c000-0x0000729277c9c000), size 13221888, SharedBaseAddress: 0x0000729277000000, ArchiveRelocationMode: 1.
Compressed class space mapped at: 0x0000729278000000-0x00007292b8000000, reserved size: 1073741824
Narrow klass base: 0x0000729277000000, Narrow klass shift: 0, Narrow klass range: 0x100000000

GC Precious Log:
 CardTable entry size: 512
 Card Set container configuration: InlinePtr #cards 5 size 8 Array Of Cards #cards 12 size 40 Howl #buckets 4 coarsen threshold 1843 Howl Bitmap #cards 512 size 80 coarsen threshold 460 Card regions per heap region 1 cards per card region 2048
 CPUs: 4 total, 4 available
 Memory: 3619M
 Large Page Support: Disabled
 NUMA Support: Disabled
 Compressed Oops: Enabled (32-bit)
 Heap Region Size: 1M
 Heap Min Capacity: 8M
 Heap Initial Capacity: 58M
 Heap Max Capacity: 906M
 Pre-touch: Disabled
 Parallel Workers: 4
 Concurrent Workers: 1
 Concurrent Refinement Workers: 4
 Periodic GC: Disabled

Heap:
 garbage-first heap   total 86016K, used 44137K [0x00000000c7600000, 0x0000000100000000)
  region size 1024K, 28 young (28672K), 4 survivors (4096K)
 Metaspace       used 17444K, committed 17856K, reserved 1114112K
  class space    used 1863K, committed 2048K, reserved 1048576K

Heap Regions: E=young(eden), S=young(survivor), O=old, HS=humongous(starts), HC=humongous(continues), CS=collection set, F=free, TAMS=top-at-mark-start, PB=parsable bottom
|   0|0x00000000c7600000, 0x00000000c7700000, 0x00000000c7700000|100%| O|  |TAMS 0x00000000c7600000| PB 0x00000000c7600000| Untracked 
|   1|0x00000000c7700000, 0x00000000c7800000, 0x00000000c7800000|100%| O|  |TAMS 0x00000000c7700000| PB 0x00000000c7700000| Untracked 
|   2|0x00000000c7800000, 0x00000000c7900000, 0x00000000c7900000|100%| O|  |TAMS 0x00000000c7800000| PB 0x00000000c7800000| Untracked 
|   3|0x00000000c7900000, 0x00000000c7a00000, 0x00000000c7a00000|100%| O|  |TAMS 0x00000000c7900000| PB 0x00000000c7900000| Untracked 
|   4|0x00000000c7a00000, 0x00000000c7b00000, 0x00000000c7b00000|100%| O|  |TAMS 0x00000000c7a00000| PB 0x00000000c7a00000| Untracked 
|   5|0x00000000c7b00000, 0x00000000c7c00000, 0x00000000c7c00000|100%| O|  |TAMS 0x00000000c7b00000| PB 0x00000000c7b00000| Untracked 
|   6|0x00000000c7c00000, 0x00000000c7d00000, 0x00000000c7d00000|100%| O|  |TAMS 0x00000000c7c00000| PB 0x00000000c7c00000| Untracked 
|   7|0x00000000c7d00000, 0x00000000c7e00000, 0x00000000c7e00000|100%| O|  |TAMS 0x00000000c7d00000| PB 0x00000000c7d00000| Untracked 
|   8|0x00000000c7e00000, 0x00000000c7f00000, 0x00000000c7f00000|100%| O|  |TAMS 0x00000000c7e00000| PB 0x00000000c7e00000| Untracked 
|   9|0x00000000c7f00000, 0x00000000c8000000, 0x00000000c8000000|100%| O|  |TAMS 0x00000000c7f00000| PB 0x00000000c7f00000| Untracked 
|  10|0x00000000c8000000, 0x00000000c8100000, 0x00000000c8100000|100%| O|  |TAMS 0x00000000c8000000| PB 0x00000000c8000000| Untracked 
|  11|0x00000000c8100000, 0x00000000c8200000, 0x00000000c8200000|100%| O|  |TAMS 0x00000000c8100000| PB 0x00000000c8100000| Untracked 
|  12|0x00000000c8200000, 0x00000000c8300000, 0x00000000c8300000|100%|HS|  |TAMS 0x00000000c8200000| PB 0x00000000c8200000| Complete 
|  13|0x00000000c8300000, 0x00000000c8400000, 0x00000000c8400000|100%|HS|  |TAMS 0x00000000c8300000| PB 0x00000000c8300000| Complete 
|  14|0x00000000c8400000, 0x00000000c8400000, 0x00000000c8500000|  0%| F|  |TAMS 0x00000000c8400000| PB 0x00000000c8400000| Untracked 
|  15|0x00000000c8500000, 0x00000000c8500000, 0x00000000c8600000|  0%| F|  |TAMS 0x00000000c8500000| PB 0x00000000c8500000| Untracked 
|  16|0x00000000c8600000, 0x00000000c8600000, 0x00000000c8700000|  0%| F|  |TAMS 0x00000000c8600000| PB 0x00000000c8600000| Untracked 
|  17|0x00000000c8700000, 0x00000000c8700000, 0x00000000c8800000|  0%| F|  |TAMS 0x00000000c8700000| PB 0x00000000c8700000| Untracked 
|  18|0x00000000c8800000, 0x00000000c8800000, 0x00000000c8900000|  0%| F|  |TAMS 0x00000000c8800000| PB 0x00000000c8800000| Untracked 
|  19|0x00000000c8900000, 0x00000000c8900000, 0x00000000c8a00000|  0%| F|  |TAMS 0x00000000c8900000| PB 0x00000000c8900000| Untracked 
|  20|0x00000000c8a00000, 0x00000000c8b00000, 0x00000000c8b00000|100%| O|  |TAMS 0x00000000c8a00000| PB 0x00000000c8a00000| Untracked 
|  21|0x00000000c8b00000, 0x00000000c8bc3d00, 0x00000000c8c00000| 76%| O|  |TAMS 0x00000000c8b00000| PB 0x00000000c8b00000| Untracked 
|  22|0x00000000c8c00000, 0x00000000c8c4a038, 0x00000000c8d00000| 28%| S|CS|TAMS 0x00000000c8c00000| PB 0x00000000c8c00000| Complete 
|  23|0x00000000c8d00000, 0x00000000c8e00000, 0x00000000c8e00000|100%| S|CS|TAMS 0x00000000c8d00000| PB 0x00000000c8d00000| Complete 
|  24|0x00000000c8e00000, 0x00000000c8f00000, 0x00000000c8f00000|100%| S|CS|TAMS 0x00000000c8e00000| PB 0x00000000c8e00000| Complete 
|  25|0x00000000c8f00000, 0x00000000c9000000, 0x00000000c9000000|100%| S|CS|TAMS 0x00000000c8f00000| PB 0x00000000c8f00000| Complete 
|  26|0x00000000c9000000, 0x00000000c9000000, 0x00000000c9100000|  0%| F|  |TAMS 0x00000000c9000000| PB 0x00000000c9000000| Untracked 
|  27|0x00000000c9100000, 0x00000000c9100000, 0x00000000c9200000|  0%| F|  |TAMS 0x00000000c9100000| PB 0x00000000c9100000| Untracked 
|  28|0x00000000c9200000, 0x00000000c9200000, 0x00000000c9300000|  0%| F|  |TAMS 0x00000000c9200000| PB 0x00000000c9200000| Untracked 
|  29|0x00000000c9300000, 0x00000000c9300000, 0x00000000c9400000|  0%| F|  |TAMS 0x00000000c9300000| PB 0x00000000c9300000| Untracked 
|  30|0x00000000c9400000, 0x00000000c9400000, 0x00000000c9500000|  0%| F|  |TAMS 0x00000000c9400000| PB 0x00000000c9400000| Untracked 
|  31|0x00000000c9500000, 0x00000000c9500000, 0x00000000c9600000|  0%| F|  |TAMS 0x00000000c9500000| PB 0x00000000c9500000| Untracked 
|  32|0x00000000c9600000, 0x00000000c9600000, 0x00000000c9700000|  0%| F|  |TAMS 0x00000000c9600000| PB 0x00000000c9600000| Untracked 
|  33|0x00000000c9700000, 0x00000000c9700000, 0x00000000c9800000|  0%| F|  |TAMS 0x00000000c9700000| PB 0x00000000c9700000| Untracked 
|  34|0x00000000c9800000, 0x00000000c9800000, 0x00000000c9900000|  0%| F|  |TAMS 0x00000000c9800000| PB 0x00000000c9800000| Untracked 
|  35|0x00000000c9900000, 0x00000000c9900000, 0x00000000c9a00000|  0%| F|  |TAMS 0x00000000c9900000| PB 0x00000000c9900000| Untracked 
|  36|0x00000000c9a00000, 0x00000000c9a00000, 0x00000000c9b00000|  0%| F|  |TAMS 0x00000000c9a00000| PB 0x00000000c9a00000| Untracked 
|  37|0x00000000c9b00000, 0x00000000c9b00000, 0x00000000c9c00000|  0%| F|  |TAMS 0x00000000c9b00000| PB 0x00000000c9b00000| Untracked 
|  38|0x00000000c9c00000, 0x00000000c9c00000, 0x00000000c9d00000|  0%| F|  |TAMS 0x00000000c9c00000| PB 0x00000000c9c00000| Untracked 
|  39|0x00000000c9d00000, 0x00000000c9d00000, 0x00000000c9e00000|  0%| F|  |TAMS 0x00000000c9d00000| PB 0x00000000c9d00000| Untracked 
|  40|0x00000000c9e00000, 0x00000000c9e00000, 0x00000000c9f00000|  0%| F|  |TAMS 0x00000000c9e00000| PB 0x00000000c9e00000| Untracked 
|  41|0x00000000c9f00000, 0x00000000c9f00000, 0x00000000ca000000|  0%| F|  |TAMS 0x00000000c9f00000| PB 0x00000000c9f00000| Untracked 
|  42|0x00000000ca000000, 0x00000000ca000000, 0x00000000ca100000|  0%| F|  |TAMS 0x00000000ca000000| PB 0x00000000ca000000| Untracked 
|  43|0x00000000ca100000, 0x00000000ca100000, 0x00000000ca200000|  0%| F|  |TAMS 0x00000000ca100000| PB 0x00000000ca100000| Untracked 
|  44|0x00000000ca200000, 0x00000000ca200000, 0x00000000ca300000|  0%| F|  |TAMS 0x00000000ca200000| PB 0x00000000ca200000| Untracked 
|  45|0x00000000ca300000, 0x00000000ca300000, 0x00000000ca400000|  0%| F|  |TAMS 0x00000000ca300000| PB 0x00000000ca300000| Untracked 
|  46|0x00000000ca400000, 0x00000000ca400000, 0x00000000ca500000|  0%| F|  |TAMS 0x00000000ca400000| PB 0x00000000ca400000| Untracked 
|  47|0x00000000ca500000, 0x00000000ca500000, 0x00000000ca600000|  0%| F|  |TAMS 0x00000000ca500000| PB 0x00000000ca500000| Untracked 
|  48|0x00000000ca600000, 0x00000000ca600000, 0x00000000ca700000|  0%| F|  |TAMS 0x00000000ca600000| PB 0x00000000ca600000| Untracked 
|  49|0x00000000ca700000, 0x00000000ca700000, 0x00000000ca800000|  0%| F|  |TAMS 0x00000000ca700000| PB 0x00000000ca700000| Untracked 
|  50|0x00000000ca800000, 0x00000000ca800000, 0x00000000ca900000|  0%| F|  |TAMS 0x00000000ca800000| PB 0x00000000ca800000| Untracked 
|  51|0x00000000ca900000, 0x00000000ca900000, 0x00000000caa00000|  0%| F|  |TAMS 0x00000000ca900000| PB 0x00000000ca900000| Untracked 
|  52|0x00000000caa00000, 0x00000000caa00000, 0x00000000cab00000|  0%| F|  |TAMS 0x00000000caa00000| PB 0x00000000caa00000| Untracked 
|  53|0x00000000cab00000, 0x00000000cab00000, 0x00000000cac00000|  0%| F|  |TAMS 0x00000000cab00000| PB 0x00000000cab00000| Untracked 
|  54|0x00000000cac00000, 0x00000000cac00000, 0x00000000cad00000|  0%| F|  |TAMS 0x00000000cac00000| PB 0x00000000cac00000| Untracked 
|  55|0x00000000cad00000, 0x00000000cad00000, 0x00000000cae00000|  0%| F|  |TAMS 0x00000000cad00000| PB 0x00000000cad00000| Untracked 
|  56|0x00000000cae00000, 0x00000000cae00000, 0x00000000caf00000|  0%| F|  |TAMS 0x00000000cae00000| PB 0x00000000cae00000| Untracked 
|  57|0x00000000caf00000, 0x00000000caf00000, 0x00000000cb000000|  0%| F|  |TAMS 0x00000000caf00000| PB 0x00000000caf00000| Untracked 
|  58|0x00000000cb000000, 0x00000000cb100000, 0x00000000cb100000|100%| E|  |TAMS 0x00000000cb000000| PB 0x00000000cb000000| Complete 
|  59|0x00000000cb100000, 0x00000000cb200000, 0x00000000cb200000|100%| E|CS|TAMS 0x00000000cb100000| PB 0x00000000cb100000| Complete 
|  60|0x00000000cb200000, 0x00000000cb300000, 0x00000000cb300000|100%| E|CS|TAMS 0x00000000cb200000| PB 0x00000000cb200000| Complete 
|  61|0x00000000cb300000, 0x00000000cb400000, 0x00000000cb400000|100%| E|CS|TAMS 0x00000000cb300000| PB 0x00000000cb300000| Complete 
|  62|0x00000000cb400000, 0x00000000cb500000, 0x00000000cb500000|100%| E|CS|TAMS 0x00000000cb400000| PB 0x00000000cb400000| Complete 
|  63|0x00000000cb500000, 0x00000000cb600000, 0x00000000cb600000|100%| E|CS|TAMS 0x00000000cb500000| PB 0x00000000cb500000| Complete 
|  64|0x00000000cb600000, 0x00000000cb700000, 0x00000000cb700000|100%| E|CS|TAMS 0x00000000cb600000| PB 0x00000000cb600000| Complete 
|  65|0x00000000cb700000, 0x00000000cb800000, 0x00000000cb800000|100%| E|CS|TAMS 0x00000000cb700000| PB 0x00000000cb700000| Complete 
|  66|0x00000000cb800000, 0x00000000cb900000, 0x00000000cb900000|100%| E|CS|TAMS 0x00000000cb800000| PB 0x00000000cb800000| Complete 
|  67|0x00000000cb900000, 0x00000000cba00000, 0x00000000cba00000|100%| E|CS|TAMS 0x00000000cb900000| PB 0x00000000cb900000| Complete 
|  68|0x00000000cba00000, 0x00000000cbb00000, 0x00000000cbb00000|100%| E|CS|TAMS 0x00000000cba00000| PB 0x00000000cba00000| Complete 
|  69|0x00000000cbb00000, 0x00000000cbc00000, 0x00000000cbc00000|100%| E|CS|TAMS 0x00000000cbb00000| PB 0x00000000cbb00000| Complete 
|  70|0x00000000cbc00000, 0x00000000cbd00000, 0x00000000cbd00000|100%| E|CS|TAMS 0x00000000cbc00000| PB 0x00000000cbc00000| Complete 
|  71|0x00000000cbd00000, 0x00000000cbe00000, 0x00000000cbe00000|100%| E|CS|TAMS 0x00000000cbd00000| PB 0x00000000cbd00000| Complete 
|  72|0x00000000cbe00000, 0x00000000cbf00000, 0x00000000cbf00000|100%| E|CS|TAMS 0x00000000cbe00000| PB 0x00000000cbe00000| Complete 
|  73|0x00000000cbf00000, 0x00000000cc000000, 0x00000000cc000000|100%| E|CS|TAMS 0x00000000cbf00000| PB 0x00000000cbf00000| Complete 
|  74|0x00000000cc000000, 0x00000000cc100000, 0x00000000cc100000|100%| E|CS|TAMS 0x00000000cc000000| PB 0x00000000cc000000| Complete 
|  75|0x00000000cc100000, 0x00000000cc200000, 0x00000000cc200000|100%| E|CS|TAMS 0x00000000cc100000| PB 0x00000000cc100000| Complete 
|  76|0x00000000cc200000, 0x00000000cc300000, 0x00000000cc300000|100%| E|CS|TAMS 0x00000000cc200000| PB 0x00000000cc200000| Complete 
|  77|0x00000000cc300000, 0x00000000cc400000, 0x00000000cc400000|100%| E|CS|TAMS 0x00000000cc300000| PB 0x00000000cc300000| Complete 
|  78|0x00000000cc400000, 0x00000000cc500000, 0x00000000cc500000|100%| E|CS|TAMS 0x00000000cc400000| PB 0x00000000cc400000| Complete 
|  79|0x00000000cc500000, 0x00000000cc600000, 0x00000000cc600000|100%| E|CS|TAMS 0x00000000cc500000| PB 0x00000000cc500000| Complete 
|  80|0x00000000cc600000, 0x00000000cc700000, 0x00000000cc700000|100%| E|CS|TAMS 0x00000000cc600000| PB 0x00000000cc600000| Complete 
|  81|0x00000000cc700000, 0x00000000cc800000, 0x00000000cc800000|100%| E|CS|TAMS 0x00000000cc700000| PB 0x00000000cc700000| Complete 
| 904|0x00000000ffe00000, 0x00000000fff00000, 0x00000000fff00000|100%| O|  |TAMS 0x00000000ffe00000| PB 0x00000000ffe00000| Untracked 
| 905|0x00000000fff00000, 0x00000000fff0c6d0, 0x0000000100000000|  4%| O|Cm|TAMS 0x00000000fff00000| PB 0x00000000fff00000| Complete 

Card table byte_map: [0x00007292f269c000,0x00007292f2861000] _byte_map_base: 0x00007292f2061000

Marking Bits: (CMBitMap*) 0x00007292ec0525b0
 Bits: [0x00007292f1874000, 0x00007292f269c000)

Polling page: 0x00007292f4ccf000

Metaspace:

Usage:
  Non-class:     15.22 MB used.
      Class:      1.82 MB used.
       Both:     17.04 MB used.

Virtual space:
  Non-class space:       64.00 MB reserved,      15.44 MB ( 24%) committed,  1 nodes.
      Class space:        1.00 GB reserved,       2.00 MB ( <1%) committed,  1 nodes.
             Both:        1.06 GB reserved,      17.44 MB (  2%) committed. 

Chunk freelists:
   Non-Class:  372.00 KB
       Class:  13.91 MB
        Both:  14.27 MB

MaxMetaspaceSize: unlimited
CompressedClassSpaceSize: 1.00 GB
Initial GC threshold: 21.00 MB
Current GC threshold: 25.44 MB
CDS: on
 - commit_granule_bytes: 65536.
 - commit_granule_words: 8192.
 - virtual_space_node_default_size: 8388608.
 - enlarge_chunks_in_place: 1.
 - use_allocation_guard: 0.


Internal statistics:

num_allocs_failed_limit: 0.
num_arena_births: 278.
num_arena_deaths: 0.
num_vsnodes_births: 2.
num_vsnodes_deaths: 0.
num_space_committed: 279.
num_space_uncommitted: 0.
num_chunks_returned_to_freelist: 0.
num_chunks_taken_from_freelist: 839.
num_chunk_merges: 0.
num_chunk_splits: 621.
num_chunks_enlarged: 477.
num_inconsistent_stats: 0.

CodeHeap 'non-profiled nmethods': size=120032Kb used=1972Kb max_used=1972Kb free=118059Kb
 bounds [0x00007292dc2c8000, 0x00007292dc538000, 0x00007292e3800000]
CodeHeap 'profiled nmethods': size=120028Kb used=8939Kb max_used=8939Kb free=111088Kb
 bounds [0x00007292d4800000, 0x00007292d50c0000, 0x00007292dbd37000]
CodeHeap 'non-nmethods': size=5700Kb used=1388Kb max_used=1451Kb free=4311Kb
 bounds [0x00007292dbd37000, 0x00007292dbfa7000, 0x00007292dc2c8000]
CodeCache: size=245760Kb, used=12299Kb, max_used=12362Kb, free=233458Kb
 total_blobs=4886, nmethods=4387, adapters=404, full_count=0
Compilation: enabled, stopped_count=0, restarted_count=0

Compilation events (20 events):
Event: 5.869 Thread 0x00007292ec0e0820 4335 %     4       sun.nio.fs.UnixPath::normalizeAndCheck @ 9 (75 bytes)
Event: 5.871 Thread 0x00007292ec0e1ef0 4383       3       jdk.internal.org.objectweb.asm.AnnotationWriter::create (34 bytes)
Event: 5.871 Thread 0x00007292ec0e1ef0 nmethod 4383 0x00007292d50b7e90 code [0x00007292d50b8080, 0x00007292d50b8520]
Event: 5.871 Thread 0x00007292ec0e1ef0 4384       3       jdk.internal.org.objectweb.asm.AnnotationWriter::visitEnd (44 bytes)
Event: 5.871 Thread 0x00007292ec0e1ef0 nmethod 4384 0x00007292d50b8710 code [0x00007292d50b88a0, 0x00007292d50b8a38]
Event: 5.871 Thread 0x00007292ec0e1ef0 4386       3       jdk.internal.org.objectweb.asm.AnnotationVisitor::<init> (78 bytes)
Event: 5.872 Thread 0x00007292ec0e1ef0 nmethod 4386 0x00007292d50b8b90 code [0x00007292d50b8dc0, 0x00007292d50b9540]
Event: 5.872 Thread 0x00007292ec0e1ef0 4381       3       java.lang.invoke.DirectMethodHandle::preparedLambdaForm (244 bytes)
Event: 5.873 Thread 0x00007292ec0e1ef0 nmethod 4381 0x00007292d50b9810 code [0x00007292d50b9b00, 0x00007292d50ba9d8]
Event: 5.873 Thread 0x00007292ec0e1ef0 4385       1       java.lang.invoke.InvokerBytecodeGenerator::setClassWriter (6 bytes)
Event: 5.873 Thread 0x00007292ec0e0820 nmethod 4335% 0x00007292dc4b1110 code [0x00007292dc4b12c0, 0x00007292dc4b1590]
Event: 5.873 Thread 0x00007292ec0e1ef0 nmethod 4385 0x00007292dc4b1810 code [0x00007292dc4b19a0, 0x00007292dc4b1aa8]
Event: 5.873 Thread 0x00007292ec0e0820 4338       4       java.util.jar.Attributes$Name::hash (148 bytes)
Event: 5.873 Thread 0x00007292ec0e1ef0 4387       1       java.lang.Class::getClassData (5 bytes)
Event: 5.873 Thread 0x00007292ec0e1ef0 nmethod 4387 0x00007292dc4b1b10 code [0x00007292dc4b1ca0, 0x00007292dc4b1d60]
Event: 5.877 Thread 0x00007292ec0e0820 nmethod 4338 0x00007292dc4b1e10 code [0x00007292dc4b1fc0, 0x00007292dc4b22f0]
Event: 5.877 Thread 0x00007292ec0e0820 4375       4       jdk.internal.org.objectweb.asm.SymbolTable::addConstantUtf8 (98 bytes)
Event: 5.907 Thread 0x00007292ec0e0820 nmethod 4375 0x00007292dc4b2e90 code [0x00007292dc4b3120, 0x00007292dc4b4678]
Event: 5.907 Thread 0x00007292ec0e0820 4359       4       java.lang.String::equalsIgnoreCase (45 bytes)
Event: 5.908 Thread 0x00007292ec0e0820 nmethod 4359 0x00007292dc4b4f90 code [0x00007292dc4b5120, 0x00007292dc4b5258]

GC Heap History (16 events):
Event: 1.039 GC heap before
{Heap before GC invocations=0 (full 0):
 garbage-first heap   total 61440K, used 14385K [0x00000000c7600000, 0x0000000100000000)
  region size 1024K, 13 young (13312K), 0 survivors (0K)
 Metaspace       used 4587K, committed 4736K, reserved 1114112K
  class space    used 508K, committed 576K, reserved 1048576K
}
Event: 1.044 GC heap after
{Heap after GC invocations=1 (full 0):
 garbage-first heap   total 61440K, used 3633K [0x00000000c7600000, 0x0000000100000000)
  region size 1024K, 2 young (2048K), 2 survivors (2048K)
 Metaspace       used 4587K, committed 4736K, reserved 1114112K
  class space    used 508K, committed 576K, reserved 1048576K
}
Event: 1.928 GC heap before
{Heap before GC invocations=1 (full 0):
 garbage-first heap   total 61440K, used 31281K [0x00000000c7600000, 0x0000000100000000)
  region size 1024K, 30 young (30720K), 2 survivors (2048K)
 Metaspace       used 9388K, committed 9600K, reserved 1114112K
  class space    used 1116K, committed 1216K, reserved 1048576K
}
Event: 1.940 GC heap after
{Heap after GC invocations=2 (full 0):
 garbage-first heap   total 61440K, used 5547K [0x00000000c7600000, 0x0000000100000000)
  region size 1024K, 4 young (4096K), 4 survivors (4096K)
 Metaspace       used 9388K, committed 9600K, reserved 1114112K
  class space    used 1116K, committed 1216K, reserved 1048576K
}
Event: 2.986 GC heap before
{Heap before GC invocations=2 (full 0):
 garbage-first heap   total 61440K, used 36267K [0x00000000c7600000, 0x0000000100000000)
  region size 1024K, 34 young (34816K), 4 survivors (4096K)
 Metaspace       used 13157K, committed 13440K, reserved 1114112K
  class space    used 1509K, committed 1600K, reserved 1048576K
}
Event: 3.003 GC heap after
{Heap after GC invocations=3 (full 0):
 garbage-first heap   total 61440K, used 8849K [0x00000000c7600000, 0x0000000100000000)
  region size 1024K, 5 young (5120K), 5 survivors (5120K)
 Metaspace       used 13157K, committed 13440K, reserved 1114112K
  class space    used 1509K, committed 1600K, reserved 1048576K
}
Event: 3.525 GC heap before
{Heap before GC invocations=3 (full 0):
 garbage-first heap   total 61440K, used 38545K [0x00000000c7600000, 0x0000000100000000)
  region size 1024K, 34 young (34816K), 5 survivors (5120K)
 Metaspace       used 13810K, committed 14144K, reserved 1114112K
  class space    used 1549K, committed 1728K, reserved 1048576K
}
Event: 3.542 GC heap after
{Heap after GC invocations=4 (full 0):
 garbage-first heap   total 61440K, used 13589K [0x00000000c7600000, 0x0000000100000000)
  region size 1024K, 5 young (5120K), 5 survivors (5120K)
 Metaspace       used 13810K, committed 14144K, reserved 1114112K
  class space    used 1549K, committed 1728K, reserved 1048576K
}
Event: 3.962 GC heap before
{Heap before GC invocations=4 (full 0):
 garbage-first heap   total 61440K, used 43285K [0x00000000c7600000, 0x0000000100000000)
  region size 1024K, 34 young (34816K), 5 survivors (5120K)
 Metaspace       used 14122K, committed 14400K, reserved 1114112K
  class space    used 1552K, committed 1728K, reserved 1048576K
}
Event: 3.972 GC heap after
{Heap after GC invocations=5 (full 0):
 garbage-first heap   total 61440K, used 15409K [0x00000000c7600000, 0x0000000100000000)
  region size 1024K, 2 young (2048K), 2 survivors (2048K)
 Metaspace       used 14122K, committed 14400K, reserved 1114112K
  class space    used 1552K, committed 1728K, reserved 1048576K
}
Event: 4.552 GC heap before
{Heap before GC invocations=5 (full 0):
 garbage-first heap   total 61440K, used 51249K [0x00000000c7600000, 0x0000000100000000)
  region size 1024K, 30 young (30720K), 2 survivors (2048K)
 Metaspace       used 15224K, committed 15488K, reserved 1114112K
  class space    used 1653K, committed 1792K, reserved 1048576K
}
Event: 4.557 GC heap after
{Heap after GC invocations=6 (full 0):
 garbage-first heap   total 73728K, used 24855K [0x00000000c7600000, 0x0000000100000000)
  region size 1024K, 4 young (4096K), 4 survivors (4096K)
 Metaspace       used 15224K, committed 15488K, reserved 1114112K
  class space    used 1653K, committed 1792K, reserved 1048576K
}
Event: 4.558 GC heap before
{Heap before GC invocations=6 (full 0):
 garbage-first heap   total 73728K, used 37143K [0x00000000c7600000, 0x0000000100000000)
  region size 1024K, 5 young (5120K), 4 survivors (4096K)
 Metaspace       used 15224K, committed 15488K, reserved 1114112K
  class space    used 1653K, committed 1792K, reserved 1048576K
}
Event: 4.566 GC heap after
{Heap after GC invocations=7 (full 0):
 garbage-first heap   total 73728K, used 37196K [0x00000000c7600000, 0x0000000100000000)
  region size 1024K, 4 young (4096K), 4 survivors (4096K)
 Metaspace       used 15224K, committed 15488K, reserved 1114112K
  class space    used 1653K, committed 1792K, reserved 1048576K
}
Event: 5.209 GC heap before
{Heap before GC invocations=8 (full 0):
 garbage-first heap   total 86016K, used 78156K [0x00000000c7600000, 0x0000000100000000)
  region size 1024K, 32 young (32768K), 4 survivors (4096K)
 Metaspace       used 16311K, committed 16640K, reserved 1114112K
  class space    used 1751K, committed 1920K, reserved 1048576K
}
Event: 5.216 GC heap after
{Heap after GC invocations=9 (full 0):
 garbage-first heap   total 86016K, used 18537K [0x00000000c7600000, 0x0000000100000000)
  region size 1024K, 4 young (4096K), 4 survivors (4096K)
 Metaspace       used 16311K, committed 16640K, reserved 1114112K
  class space    used 1751K, committed 1920K, reserved 1048576K
}

Dll operation events (7 events):
Event: 0.039 Loaded shared library /usr/lib/jvm/java-21-openjdk-amd64/lib/libjava.so
Event: 0.184 Loaded shared library /usr/lib/jvm/java-21-openjdk-amd64/lib/libjsvml.so
Event: 0.200 Loaded shared library /usr/lib/jvm/java-21-openjdk-amd64/lib/libnio.so
Event: 0.209 Loaded shared library /usr/lib/jvm/java-21-openjdk-amd64/lib/libzip.so
Event: 0.239 Loaded shared library /usr/lib/jvm/java-21-openjdk-amd64/lib/libnet.so
Event: 0.554 Loaded shared library /usr/lib/jvm/java-21-openjdk-amd64/lib/libjimage.so
Event: 0.693 Loaded shared library /usr/lib/jvm/java-21-openjdk-amd64/lib/libverify.so

Deoptimization events (20 events):
Event: 5.488 Thread 0x00007292ec019a30 DEOPT PACKING pc=0x00007292dc3810ec sp=0x00007292f33fd690
Event: 5.488 Thread 0x00007292ec019a30 DEOPT UNPACKING pc=0x00007292dbd8af99 sp=0x00007292f33fd5d8 mode 2
Event: 5.623 Thread 0x00007292ec019a30 Uncommon trap: trap_request=0xffffff45 fr.pc=0x00007292dc49c138 relative=0x0000000000002458
Event: 5.623 Thread 0x00007292ec019a30 Uncommon trap: reason=unstable_if action=reinterpret pc=0x00007292dc49c138 method=java.util.zip.InflaterInputStream.read([BII)I @ 25 c2
Event: 5.623 Thread 0x00007292ec019a30 DEOPT PACKING pc=0x00007292dc49c138 sp=0x00007292f33fd220
Event: 5.623 Thread 0x00007292ec019a30 DEOPT UNPACKING pc=0x00007292dbd8af99 sp=0x00007292f33fd290 mode 2
Event: 5.638 Thread 0x00007292ec019a30 DEOPT PACKING pc=0x00007292d505997a sp=0x00007292f33fd060
Event: 5.638 Thread 0x00007292ec019a30 DEOPT UNPACKING pc=0x00007292dbd8b72f sp=0x00007292f33fc508 mode 0
Event: 5.846 Thread 0x00007292ec019a30 Uncommon trap: trap_request=0xffffffde fr.pc=0x00007292dc3e781c relative=0x000000000000007c
Event: 5.846 Thread 0x00007292ec019a30 Uncommon trap: reason=class_check action=maybe_recompile pc=0x00007292dc3e781c method=java.util.Collections$UnmodifiableMap$UnmodifiableEntrySet$1.hasNext()Z @ 4 c2
Event: 5.846 Thread 0x00007292ec019a30 DEOPT PACKING pc=0x00007292dc3e781c sp=0x00007292f33fd7a0
Event: 5.846 Thread 0x00007292ec019a30 DEOPT UNPACKING pc=0x00007292dbd8af99 sp=0x00007292f33fd750 mode 2
Event: 714.827 Thread 0x00007292ec0dc0d0 Uncommon trap: trap_request=0xffffffde fr.pc=0x00007292dc47788c relative=0x000000000000060c
Event: 714.833 Thread 0x00007292ec0dc0d0 Uncommon trap: reason=class_check action=maybe_recompile pc=0x00007292dc47788c method=java.util.Hashtable.get(Ljava/lang/Object;)Ljava/lang/Object; @ 6 c2
Event: 714.837 Thread 0x00007292ec0dc0d0 DEOPT PACKING pc=0x00007292dc47788c sp=0x00007292f0b0e830
Event: 714.841 Thread 0x00007292ec0dc0d0 DEOPT UNPACKING pc=0x00007292dbd8af99 sp=0x00007292f0b0e7e0 mode 2
Event: 714.843 Thread 0x00007292ec0dc0d0 Uncommon trap: trap_request=0xffffffde fr.pc=0x00007292dc47788c relative=0x000000000000060c
Event: 714.843 Thread 0x00007292ec0dc0d0 Uncommon trap: reason=class_check action=maybe_recompile pc=0x00007292dc47788c method=java.util.Hashtable.get(Ljava/lang/Object;)Ljava/lang/Object; @ 6 c2
Event: 714.843 Thread 0x00007292ec0dc0d0 DEOPT PACKING pc=0x00007292dc47788c sp=0x00007292f0b0e830
Event: 714.843 Thread 0x00007292ec0dc0d0 DEOPT UNPACKING pc=0x00007292dbd8af99 sp=0x00007292f0b0e7e0 mode 2

Classes loaded (20 events):
Event: 5.886 Loading class jdk/internal/logger/LazyLoggers$LazyLoggerFactories done
Event: 5.887 Loading class jdk/internal/logger/LoggerFinderLoader
Event: 5.888 Loading class jdk/internal/logger/LoggerFinderLoader done
Event: 5.888 Loading class jdk/internal/logger/LoggerFinderLoader$TemporaryLoggerFinder
Event: 5.889 Loading class jdk/internal/logger/LoggerFinderLoader$TemporaryLoggerFinder done
Event: 5.889 Loading class sun/util/logging/internal/LoggingProviderImpl$JULWrapper
Event: 5.890 Loading class sun/util/logging/PlatformLogger$ConfigurableBridge$LoggerConfiguration
Event: 5.891 Loading class sun/util/logging/PlatformLogger$ConfigurableBridge$LoggerConfiguration done
Event: 5.891 Loading class sun/util/logging/internal/LoggingProviderImpl$JULWrapper done
Event: 5.891 Loading class java/lang/System$Logger$Level
Event: 5.891 Loading class java/lang/System$Logger$Level done
Event: 5.893 Loading class sun/misc/Signal
Event: 5.896 Loading class sun/misc/Signal done
Event: 5.896 Loading class sun/misc/SignalHandler
Event: 5.896 Loading class sun/misc/SignalHandler done
Event: 5.897 Loading class sun/misc/Signal$InternalMiscHandler
Event: 5.897 Loading class sun/misc/Signal$InternalMiscHandler done
Event: 5.898 Loading class sun/misc/Signal$SunMiscHandler
Event: 5.898 Loading class sun/misc/Signal$SunMiscHandler done
Event: 714.848 Loading class jdk/internal/misc/Signal$1

Classes unloaded (0 events):
No events

Classes redefined (0 events):
No events

Internal exceptions (20 events):
Event: 3.246 Thread 0x00007292ec019a30 Implicit null exception at 0x00007292dc35cee6 to 0x00007292dc35cf92
Event: 4.222 Thread 0x00007292ec019a30 Implicit null exception at 0x00007292dc41852e to 0x00007292dc418708
Event: 4.222 Thread 0x00007292ec019a30 Implicit null exception at 0x00007292dc33a89b to 0x00007292dc33aac8
Event: 4.222 Thread 0x00007292ec019a30 Implicit null exception at 0x00007292dc345ec0 to 0x00007292dc345f45
Event: 4.495 Thread 0x00007292ec019a30 Exception <a 'java/lang/NoSuchMethodError'{0x00000000c9520c68}: 'void java.lang.invoke.Invokers$Holder.invokeExact_MT(java.lang.Object, java.lang.Object, int, java.lang.Object)'> (0x00000000c9520c68) 
thrown [./src/hotspot/share/interpreter/linkResolver.cpp, line 772]
Event: 4.889 Thread 0x00007292ec019a30 Exception <a 'java/lang/NoSuchMethodError'{0x00000000cbebc438}: 'java.lang.Object java.lang.invoke.DirectMethodHandle$Holder.invokeInterface(java.lang.Object, java.lang.Object)'> (0x00000000cbebc438) 
thrown [./src/hotspot/share/interpreter/linkResolver.cpp, line 772]
Event: 4.961 Thread 0x00007292ec019a30 Exception <a 'java/lang/NoSuchMethodError'{0x00000000cbc2b4a8}: 'void java.lang.invoke.DirectMethodHandle$Holder.invokeVirtual(java.lang.Object, java.lang.Object)'> (0x00000000cbc2b4a8) 
thrown [./src/hotspot/share/interpreter/linkResolver.cpp, line 772]
Event: 5.503 Thread 0x00007292ec019a30 Exception <a 'java/lang/NoSuchMethodError'{0x00000000cb716408}: 'int java.lang.invoke.DirectMethodHandle$Holder.invokeStaticInit(java.lang.Object, java.lang.Object)'> (0x00000000cb716408) 
thrown [./src/hotspot/share/interpreter/linkResolver.cpp, line 772]
Event: 5.505 Thread 0x00007292ec019a30 Exception <a 'java/lang/NoSuchMethodError'{0x00000000cb7253f0}: 'int java.lang.invoke.DirectMethodHandle$Holder.invokeStatic(java.lang.Object, java.lang.Object, java.lang.Object, java.lang.Object)'> (0x00000000cb7253f0) 
thrown [./src/hotspot/share/interpreter/linkResolver.cpp, line 772]
Event: 5.506 Thread 0x00007292ec019a30 Exception <a 'java/lang/NoSuchMethodError'{0x00000000cb728ac0}: 'java.lang.Object java.lang.invoke.Invokers$Holder.invokeExact_MT(java.lang.Object, java.lang.Object, java.lang.Object, java.lang.Object, java.lang.Object, java.lang.Object)'> (0x00000000cb728ac0) 
thrown [./src/hotspot/share/interpreter/linkResolver.cpp, line 772]
Event: 5.840 Thread 0x00007292ec019a30 Exception <a 'java/lang/NoSuchMethodError'{0x00000000cb1f92c0}: 'void java.lang.invoke.DirectMethodHandle$Holder.invokeStatic(java.lang.Object, java.lang.Object)'> (0x00000000cb1f92c0) 
thrown [./src/hotspot/share/interpreter/linkResolver.cpp, line 772]
Event: 5.856 Thread 0x00007292ec019a30 Exception <a 'java/lang/NoSuchMethodError'{0x00000000cb01df50}: 'java.lang.Object java.lang.invoke.DirectMethodHandle$Holder.invokeStatic(java.lang.Object, long, java.lang.Object)'> (0x00000000cb01df50) 
thrown [./src/hotspot/share/interpreter/linkResolver.cpp, line 772]
Event: 5.856 Thread 0x00007292ec019a30 Exception <a 'java/lang/NoSuchMethodError'{0x00000000cb021718}: 'java.lang.Object java.lang.invoke.DirectMethodHandle$Holder.invokeStaticInit(java.lang.Object, long, java.lang.Object)'> (0x00000000cb021718) 
thrown [./src/hotspot/share/interpreter/linkResolver.cpp, line 772]
Event: 5.857 Thread 0x00007292ec019a30 Exception <a 'java/lang/NoSuchMethodError'{0x00000000cb0270f8}: 'java.lang.Object java.lang.invoke.DirectMethodHandle$Holder.newInvokeSpecial(java.lang.Object, long)'> (0x00000000cb0270f8) 
thrown [./src/hotspot/share/interpreter/linkResolver.cpp, line 772]
Event: 5.868 Thread 0x00007292ec019a30 Exception <a 'java/lang/NoSuchMethodError'{0x00000000cb02f500}: 'java.lang.Object java.lang.invoke.DirectMethodHandle$Holder.newInvokeSpecial(java.lang.Object, java.lang.Object, java.lang.Object, int)'> (0x00000000cb02f500) 
thrown [./src/hotspot/share/interpreter/linkResolver.cpp, line 772]
Event: 5.869 Thread 0x00007292ec019a30 Exception <a 'java/lang/NoSuchMethodError'{0x00000000cb033410}: 'java.lang.Object java.lang.invoke.DirectMethodHandle$Holder.invokeSpecial(java.lang.Object, java.lang.Object, java.lang.Object, java.lang.Object, int)'> (0x00000000cb033410) 
thrown [./src/hotspot/share/interpreter/linkResolver.cpp, line 772]
Event: 5.870 Thread 0x00007292ec019a30 Exception <a 'java/lang/NoSuchMethodError'{0x00000000cb0368b8}: 'java.lang.Object java.lang.invoke.Invokers$Holder.linkToTargetMethod(java.lang.Object, java.lang.Object, int, java.lang.Object)'> (0x00000000cb0368b8) 
thrown [./src/hotspot/share/interpreter/linkResolver.cpp, line 772]
Event: 5.879 Thread 0x00007292ec019a30 Exception <a 'java/lang/NoSuchMethodError'{0x00000000cb03f008}: 'java.lang.Object java.lang.invoke.DirectMethodHandle$Holder.newInvokeSpecial(java.lang.Object, java.lang.Object, int)'> (0x00000000cb03f008) 
thrown [./src/hotspot/share/interpreter/linkResolver.cpp, line 772]
Event: 5.892 Thread 0x00007292ec019a30 Exception <a 'java/lang/NoSuchMethodError'{0x00000000cb04abe0}: 'int java.lang.invoke.DirectMethodHandle$Holder.invokeVirtual(java.lang.Object, java.lang.Object)'> (0x00000000cb04abe0) 
thrown [./src/hotspot/share/interpreter/linkResolver.cpp, line 772]
Event: 5.897 Thread 0x00007292ec019a30 Exception <a 'java/lang/NoSuchMethodError'{0x00000000cb054028}: 'void java.lang.invoke.DirectMethodHandle$Holder.invokeStatic(java.lang.Object, java.lang.Object, java.lang.Object)'> (0x00000000cb054028) 
thrown [./src/hotspot/share/interpreter/linkResolver.cpp, line 772]

ZGC Phase Switch (0 events):
No events

VM Operations (20 events):
Event: 4.477 Executing safepoint VM operation: ICBufferFull
Event: 4.477 Executing safepoint VM operation: ICBufferFull done
Event: 4.552 Executing safepoint VM operation: G1TryInitiateConcMark (G1 Humongous Allocation)
Event: 4.557 Executing safepoint VM operation: G1TryInitiateConcMark (G1 Humongous Allocation) done
Event: 4.558 Executing safepoint VM operation: G1TryInitiateConcMark (G1 Humongous Allocation)
Event: 4.566 Executing safepoint VM operation: G1TryInitiateConcMark (G1 Humongous Allocation) done
Event: 4.606 Executing safepoint VM operation: G1PauseRemark
Event: 4.615 Executing safepoint VM operation: G1PauseRemark done
Event: 4.629 Executing safepoint VM operation: G1PauseCleanup
Event: 4.629 Executing safepoint VM operation: G1PauseCleanup done
Event: 5.209 Executing safepoint VM operation: G1CollectForAllocation (G1 Evacuation Pause)
Event: 5.216 Executing safepoint VM operation: G1CollectForAllocation (G1 Evacuation Pause) done
Event: 5.875 Executing non-safepoint VM operation: HandshakeAllThreads (Deoptimize)
Event: 5.875 Executing non-safepoint VM operation: HandshakeAllThreads (Deoptimize) done
Event: 6.877 Executing safepoint VM operation: Cleanup
Event: 6.877 Executing safepoint VM operation: Cleanup done
Event: 60.262 Executing non-safepoint VM operation: HandshakeAllThreads (HandshakeForDeflation)
Event: 60.262 Executing non-safepoint VM operation: HandshakeAllThreads (HandshakeForDeflation) done
Event: 60.262 Executing non-safepoint VM operation: RendezvousGCThreads
Event: 60.262 Executing non-safepoint VM operation: RendezvousGCThreads done

Memory protections (12 events):
Event: 0.030 Protecting memory [0x00007292f3300000,0x00007292f3304000] with protection modes 0
Event: 0.177 Protecting memory [0x00007292f0c10000,0x00007292f0c14000] with protection modes 0
Event: 0.177 Protecting memory [0x00007292f0b10000,0x00007292f0b14000] with protection modes 0
Event: 0.178 Protecting memory [0x00007292f0a10000,0x00007292f0a14000] with protection modes 0
Event: 0.178 Protecting memory [0x00007292f0910000,0x00007292f0914000] with protection modes 0
Event: 0.179 Protecting memory [0x00007292f0810000,0x00007292f0814000] with protection modes 0
Event: 0.179 Protecting memory [0x00007292f0710000,0x00007292f0714000] with protection modes 0
Event: 0.179 Protecting memory [0x00007292f0610000,0x00007292f0614000] with protection modes 0
Event: 0.190 Protecting memory [0x00007292f043f000,0x00007292f0443000] with protection modes 0
Event: 0.195 Protecting memory [0x00007292f033f000,0x00007292f0343000] with protection modes 0
Event: 0.552 Protecting memory [0x00007292f023f000,0x00007292f0243000] with protection modes 0
Event: 5.880 Protecting memory [0x00007292f001b000,0x00007292f001f000] with protection modes 0

Nmethod flushes (0 events):
No events

Events (13 events):
Event: 0.144 Thread 0x00007292ec019a30 Thread added: 0x00007292ec019a30
Event: 0.177 Thread 0x00007292ec019a30 Thread added: 0x00007292ec0d93b0
Event: 0.177 Thread 0x00007292ec019a30 Thread added: 0x00007292ec0da930
Event: 0.178 Thread 0x00007292ec019a30 Thread added: 0x00007292ec0dc0d0
Event: 0.178 Thread 0x00007292ec019a30 Thread added: 0x00007292ec0dd720
Event: 0.178 Thread 0x00007292ec019a30 Thread added: 0x00007292ec0decd0
Event: 0.179 Thread 0x00007292ec019a30 Thread added: 0x00007292ec0e0820
Event: 0.179 Thread 0x00007292ec019a30 Thread added: 0x00007292ec0e1ef0
Event: 0.190 Thread 0x00007292ec019a30 Thread added: 0x00007292ec105d70
Event: 0.195 Thread 0x00007292ec019a30 Thread added: 0x00007292ec1090b0
Event: 0.552 Thread 0x00007292ec019a30 Thread added: 0x00007292ec2ced50
Event: 0.564 Thread 0x00007292ec2ced50 Thread exited: 0x00007292ec2ced50
Event: 5.880 Thread 0x00007292ec019a30 Thread added: 0x00007292ecb62250


Dynamic libraries:
c7600000-cc800000 rw-p 00000000 00:00 0 
cc800000-ffe00000 ---p 00000000 00:00 0 
ffe00000-fff0d000 rw-p 00cdb000 08:30 45427                              /usr/lib/jvm/java-21-openjdk-amd64/lib/server/classes.jsa
fff0d000-100000000 rw-p 00000000 00:00 0 
5d6c480b5000-5d6c480b6000 r--p 00000000 08:30 45353                      /usr/lib/jvm/java-21-openjdk-amd64/bin/java
5d6c480b6000-5d6c480b7000 r-xp 00001000 08:30 45353                      /usr/lib/jvm/java-21-openjdk-amd64/bin/java
5d6c480b7000-5d6c480b8000 r--p 00002000 08:30 45353                      /usr/lib/jvm/java-21-openjdk-amd64/bin/java
5d6c480b8000-5d6c480b9000 r--p 00002000 08:30 45353                      /usr/lib/jvm/java-21-openjdk-amd64/bin/java
5d6c480b9000-5d6c480ba000 rw-p 00003000 08:30 45353                      /usr/lib/jvm/java-21-openjdk-amd64/bin/java
5d6c6535f000-5d6c653a6000 rw-p 00000000 00:00 0                          [heap]
729234000000-729234021000 rw-p 00000000 00:00 0 
729234021000-729238000000 ---p 00000000 00:00 0 
72923c000000-72923c021000 rw-p 00000000 00:00 0 
72923c021000-729240000000 ---p 00000000 00:00 0 
729240000000-729240021000 rw-p 00000000 00:00 0 
729240021000-729244000000 ---p 00000000 00:00 0 
729244000000-729244021000 rw-p 00000000 00:00 0 
729244021000-729248000000 ---p 00000000 00:00 0 
729248000000-729248021000 rw-p 00000000 00:00 0 
729248021000-72924c000000 ---p 00000000 00:00 0 
72924c000000-72924c9e6000 rw-p 00000000 00:00 0 
72924c9e6000-729250000000 ---p 00000000 00:00 0 
729250000000-729250021000 rw-p 00000000 00:00 0 
729250021000-729254000000 ---p 00000000 00:00 0 
729254000000-729254021000 rw-p 00000000 00:00 0 
729254021000-729258000000 ---p 00000000 00:00 0 
729258000000-7292590b0000 rw-p 00000000 00:00 0 
7292590b0000-72925c000000 ---p 00000000 00:00 0 
72925c000000-72925c1b2000 rw-p 00000000 00:00 0 
72925c1b2000-729260000000 ---p 00000000 00:00 0 
729260000000-729260021000 rw-p 00000000 00:00 0 
729260021000-729264000000 ---p 00000000 00:00 0 
729264000000-729264021000 rw-p 00000000 00:00 0 
729264021000-729268000000 ---p 00000000 00:00 0 
729268000000-729268021000 rw-p 00000000 00:00 0 
729268021000-72926c000000 ---p 00000000 00:00 0 
72926c000000-72926c027000 rw-p 00000000 00:00 0 
72926c027000-729270000000 ---p 00000000 00:00 0 
729273000000-7292733f0000 rw-p 00000000 00:00 0 
7292733f0000-729273f30000 rw-p 00000000 00:00 0 
729273f30000-729273f80000 ---p 00000000 00:00 0 
729273f80000-729273fc0000 rw-p 00000000 00:00 0 
729273fc0000-729277000000 ---p 00000000 00:00 0 
729277000000-729277c9c000 rw-p 00001000 08:30 45427                      /usr/lib/jvm/java-21-openjdk-amd64/lib/server/classes.jsa
729277c9c000-729278000000 ---p 00000000 00:00 0 
729278000000-729278030000 rw-p 00000000 00:00 0 
729278030000-729278070000 rw-p 00000000 00:00 0 
729278070000-7292781b0000 rw-p 00000000 00:00 0 
7292781b0000-7292781e0000 rw-p 00000000 00:00 0 
7292781e0000-729278200000 ---p 00000000 00:00 0 
729278200000-729278220000 rw-p 00000000 00:00 0 
729278220000-7292b8000000 ---p 00000000 00:00 0 
7292b8000000-7292b8021000 rw-p 00000000 00:00 0 
7292b8021000-7292bc000000 ---p 00000000 00:00 0 
7292bc000000-7292bc021000 rw-p 00000000 00:00 0 
7292bc021000-7292c0000000 ---p 00000000 00:00 0 
7292c0000000-7292c0021000 rw-p 00000000 00:00 0 
7292c0021000-7292c4000000 ---p 00000000 00:00 0 
7292c6000000-7292c8021000 rw-p 00000000 00:00 0 
7292c8021000-7292cc000000 ---p 00000000 00:00 0 
7292cc000000-7292cc021000 rw-p 00000000 00:00 0 
7292cc021000-7292d0000000 ---p 00000000 00:00 0 
7292d0000000-7292d0021000 rw-p 00000000 00:00 0 
7292d0021000-7292d4000000 ---p 00000000 00:00 0 
7292d451c000-7292d4800000 rw-p 00000000 00:00 0 
7292d4800000-7292d50c0000 rwxp 00000000 00:00 0 
7292d50c0000-7292dbd37000 ---p 00000000 00:00 0 
7292dbd37000-7292dbfa7000 rwxp 00000000 00:00 0 
7292dbfa7000-7292dc2c8000 ---p 00000000 00:00 0 
7292dc2c8000-7292dc538000 rwxp 00000000 00:00 0 
7292dc538000-7292e3800000 ---p 00000000 00:00 0 
7292e3800000-7292ebe3e000 r--s 00000000 08:30 45426                      /usr/lib/jvm/java-21-openjdk-amd64/lib/modules
7292ebeff000-7292ebf00000 ---p 00000000 00:00 0 
7292ebf00000-7292ecb71000 rw-p 00000000 00:00 0 
7292ecb71000-7292f0000000 ---p 00000000 00:00 0 
7292f001b000-7292f001f000 ---p 00000000 00:00 0 
7292f001f000-7292f003d000 rw-p 00000000 00:00 0 
7292f003d000-7292f003e000 ---p 00000000 00:00 0 
7292f003e000-7292f013e000 rw-p 00000000 00:00 0 
7292f013e000-7292f013f000 ---p 00000000 00:00 0 
7292f013f000-7292f023f000 rw-p 00000000 00:00 0 
7292f023f000-7292f0243000 ---p 00000000 00:00 0 
7292f0243000-7292f033f000 rw-p 00000000 00:00 0 
7292f033f000-7292f0343000 ---p 00000000 00:00 0 
7292f0343000-7292f043f000 rw-p 00000000 00:00 0 
7292f043f000-7292f0443000 ---p 00000000 00:00 0 
7292f0443000-7292f053f000 rw-p 00000000 00:00 0 
7292f053f000-7292f0544000 r--p 00000000 08:30 45410                      /usr/lib/jvm/java-21-openjdk-amd64/lib/libjsvml.so
7292f0544000-7292f0585000 r-xp 00005000 08:30 45410                      /usr/lib/jvm/java-21-openjdk-amd64/lib/libjsvml.so
7292f0585000-7292f060e000 r--p 00046000 08:30 45410                      /usr/lib/jvm/java-21-openjdk-amd64/lib/libjsvml.so
7292f060e000-7292f060f000 r--p 000ce000 08:30 45410                      /usr/lib/jvm/java-21-openjdk-amd64/lib/libjsvml.so
7292f060f000-7292f0610000 rw-p 000cf000 08:30 45410                      /usr/lib/jvm/java-21-openjdk-amd64/lib/libjsvml.so
7292f0610000-7292f0614000 ---p 00000000 00:00 0 
7292f0614000-7292f0710000 rw-p 00000000 00:00 0 
7292f0710000-7292f0714000 ---p 00000000 00:00 0 
7292f0714000-7292f0810000 rw-p 00000000 00:00 0 
7292f0810000-7292f0814000 ---p 00000000 00:00 0 
7292f0814000-7292f0910000 rw-p 00000000 00:00 0 
7292f0910000-7292f0914000 ---p 00000000 00:00 0 
7292f0914000-7292f0a10000 rw-p 00000000 00:00 0 
7292f0a10000-7292f0a14000 ---p 00000000 00:00 0 
7292f0a14000-7292f0b10000 rw-p 00000000 00:00 0 
7292f0b10000-7292f0b14000 ---p 00000000 00:00 0 
7292f0b14000-7292f0c10000 rw-p 00000000 00:00 0 
7292f0c10000-7292f0c14000 ---p 00000000 00:00 0 
7292f0c14000-7292f0d10000 rw-p 00000000 00:00 0 
7292f0d10000-7292f0d69000 r--p 00000000 08:30 44766                      /usr/lib/locale/C.utf8/LC_CTYPE
7292f0d69000-7292f0d6a000 ---p 00000000 00:00 0 
7292f0d6a000-7292f0e6a000 rw-p 00000000 00:00 0 
7292f0e6a000-7292f0e6b000 ---p 00000000 00:00 0 
7292f0e6b000-7292f0f6b000 rw-p 00000000 00:00 0 
7292f0f6b000-7292f0f6c000 ---p 00000000 00:00 0 
7292f0f6c000-7292f106c000 rw-p 00000000 00:00 0 
7292f106c000-7292f106d000 ---p 00000000 00:00 0 
7292f106d000-7292f1571000 rw-p 00000000 00:00 0 
7292f1571000-7292f1572000 ---p 00000000 00:00 0 
7292f1572000-7292f1672000 rw-p 00000000 00:00 0 
7292f1672000-7292f1673000 ---p 00000000 00:00 0 
7292f1673000-7292f1773000 rw-p 00000000 00:00 0 
7292f1773000-7292f1774000 ---p 00000000 00:00 0 
7292f1774000-7292f19bc000 rw-p 00000000 00:00 0 
7292f19bc000-7292f2694000 ---p 00000000 00:00 0 
7292f2694000-7292f2698000 rw-p 00000000 00:00 0 
7292f2698000-7292f26c5000 rw-p 00000000 00:00 0 
7292f26c5000-7292f2860000 ---p 00000000 00:00 0 
7292f2860000-7292f288a000 rw-p 00000000 00:00 0 
7292f288a000-7292f2a25000 ---p 00000000 00:00 0 
7292f2a25000-7292f2e2f000 rw-p 00000000 00:00 0 
7292f2e2f000-7292f2f15000 ---p 00000000 00:00 0 
7292f2f15000-7292f2f27000 rw-p 00000000 00:00 0 
7292f2f27000-7292f3000000 ---p 00000000 00:00 0 
7292f3000000-7292f309d000 r--p 00000000 08:30 51319                      /usr/lib/x86_64-linux-gnu/libstdc++.so.6.0.33
7292f309d000-7292f31e5000 r-xp 0009d000 08:30 51319                      /usr/lib/x86_64-linux-gnu/libstdc++.so.6.0.33
7292f31e5000-7292f326c000 r--p 001e5000 08:30 51319                      /usr/lib/x86_64-linux-gnu/libstdc++.so.6.0.33
7292f326c000-7292f3277000 r--p 0026b000 08:30 51319                      /usr/lib/x86_64-linux-gnu/libstdc++.so.6.0.33
7292f3277000-7292f327a000 rw-p 00276000 08:30 51319                      /usr/lib/x86_64-linux-gnu/libstdc++.so.6.0.33
7292f327a000-7292f327e000 rw-p 00000000 00:00 0 
7292f327f000-7292f3300000 rw-p 00000000 00:00 0 
7292f3300000-7292f3304000 ---p 00000000 00:00 0 
7292f3304000-7292f3400000 rw-p 00000000 00:00 0 
7292f3400000-7292f36a2000 r--p 00000000 08:30 45430                      /usr/lib/jvm/java-21-openjdk-amd64/lib/server/libjvm.so
7292f36a2000-7292f4518000 r-xp 002a2000 08:30 45430                      /usr/lib/jvm/java-21-openjdk-amd64/lib/server/libjvm.so
7292f4518000-7292f47f2000 r--p 01118000 08:30 45430                      /usr/lib/jvm/java-21-openjdk-amd64/lib/server/libjvm.so
7292f47f2000-7292f48c6000 r--p 013f1000 08:30 45430                      /usr/lib/jvm/java-21-openjdk-amd64/lib/server/libjvm.so
7292f48c6000-7292f48f6000 rw-p 014c5000 08:30 45430                      /usr/lib/jvm/java-21-openjdk-amd64/lib/server/libjvm.so
7292f48f6000-7292f495c000 rw-p 00000000 00:00 0 
7292f4974000-7292f4978000 r--p 00000000 08:30 45424                      /usr/lib/jvm/java-21-openjdk-amd64/lib/libverify.so
7292f4978000-7292f497f000 r-xp 00004000 08:30 45424                      /usr/lib/jvm/java-21-openjdk-amd64/lib/libverify.so
7292f497f000-7292f4981000 r--p 0000b000 08:30 45424                      /usr/lib/jvm/java-21-openjdk-amd64/lib/libverify.so
7292f4981000-7292f4983000 r--p 0000c000 08:30 45424                      /usr/lib/jvm/java-21-openjdk-amd64/lib/libverify.so
7292f4983000-7292f4984000 rw-p 0000e000 08:30 45424                      /usr/lib/jvm/java-21-openjdk-amd64/lib/libverify.so
7292f4984000-7292f4986000 r--p 00000000 08:30 45425                      /usr/lib/jvm/java-21-openjdk-amd64/lib/libzip.so
7292f4986000-7292f498b000 r-xp 00002000 08:30 45425                      /usr/lib/jvm/java-21-openjdk-amd64/lib/libzip.so
7292f498b000-7292f498d000 r--p 00007000 08:30 45425                      /usr/lib/jvm/java-21-openjdk-amd64/lib/libzip.so
7292f498d000-7292f498e000 r--p 00008000 08:30 45425                      /usr/lib/jvm/java-21-openjdk-amd64/lib/libzip.so
7292f498e000-7292f498f000 rw-p 00009000 08:30 45425                      /usr/lib/jvm/java-21-openjdk-amd64/lib/libzip.so
7292f498f000-7292f4996000 r--p 00000000 08:30 45418                      /usr/lib/jvm/java-21-openjdk-amd64/lib/libnio.so
7292f4996000-7292f499f000 r-xp 00007000 08:30 45418                      /usr/lib/jvm/java-21-openjdk-amd64/lib/libnio.so
7292f499f000-7292f49a3000 r--p 00010000 08:30 45418                      /usr/lib/jvm/java-21-openjdk-amd64/lib/libnio.so
7292f49a3000-7292f49a4000 r--p 00014000 08:30 45418                      /usr/lib/jvm/java-21-openjdk-amd64/lib/libnio.so
7292f49a4000-7292f49a5000 rw-p 00015000 08:30 45418                      /usr/lib/jvm/java-21-openjdk-amd64/lib/libnio.so
7292f49a5000-7292f4a00000 rw-p 00000000 00:00 0 
7292f4a00000-7292f4a28000 r--p 00000000 08:30 207488                     /usr/lib/x86_64-linux-gnu/libc.so.6
7292f4a28000-7292f4bb0000 r-xp 00028000 08:30 207488                     /usr/lib/x86_64-linux-gnu/libc.so.6
7292f4bb0000-7292f4bff000 r--p 001b0000 08:30 207488                     /usr/lib/x86_64-linux-gnu/libc.so.6
7292f4bff000-7292f4c03000 r--p 001fe000 08:30 207488                     /usr/lib/x86_64-linux-gnu/libc.so.6
7292f4c03000-7292f4c05000 rw-p 00202000 08:30 207488                     /usr/lib/x86_64-linux-gnu/libc.so.6
7292f4c05000-7292f4c12000 rw-p 00000000 00:00 0 
7292f4c16000-7292f4c19000 r--p 00000000 08:30 45417                      /usr/lib/jvm/java-21-openjdk-amd64/lib/libnet.so
7292f4c19000-7292f4c21000 r-xp 00003000 08:30 45417                      /usr/lib/jvm/java-21-openjdk-amd64/lib/libnet.so
7292f4c21000-7292f4c23000 r--p 0000b000 08:30 45417                      /usr/lib/jvm/java-21-openjdk-amd64/lib/libnet.so
7292f4c23000-7292f4c24000 r--p 0000c000 08:30 45417                      /usr/lib/jvm/java-21-openjdk-amd64/lib/libnet.so
7292f4c24000-7292f4c25000 rw-p 0000d000 08:30 45417                      /usr/lib/jvm/java-21-openjdk-amd64/lib/libnet.so
7292f4c25000-7292f4c26000 r--p 00000000 08:30 44772                      /usr/lib/locale/C.utf8/LC_NUMERIC
7292f4c26000-7292f4c27000 r--p 00000000 08:30 44775                      /usr/lib/locale/C.utf8/LC_TIME
7292f4c27000-7292f4c28000 r--p 00000000 08:30 44765                      /usr/lib/locale/C.utf8/LC_COLLATE
7292f4c28000-7292f4c29000 r--p 00000000 08:30 44770                      /usr/lib/locale/C.utf8/LC_MONETARY
7292f4c29000-7292f4c2a000 r--p 00000000 08:30 44769                      /usr/lib/locale/C.utf8/LC_MESSAGES/SYS_LC_MESSAGES
7292f4c2a000-7292f4c2b000 r--p 00000000 08:30 44773                      /usr/lib/locale/C.utf8/LC_PAPER
7292f4c2b000-7292f4c2c000 r--p 00000000 08:30 44771                      /usr/lib/locale/C.utf8/LC_NAME
7292f4c2c000-7292f4c2d000 r--p 00000000 08:30 44764                      /usr/lib/locale/C.utf8/LC_ADDRESS
7292f4c2d000-7292f4c2e000 r--p 00000000 08:30 44774                      /usr/lib/locale/C.utf8/LC_TELEPHONE
7292f4c2e000-7292f4c2f000 r--p 00000000 08:30 44768                      /usr/lib/locale/C.utf8/LC_MEASUREMENT
7292f4c2f000-7292f4c36000 r--s 00000000 08:30 207477                     /usr/lib/x86_64-linux-gnu/gconv/gconv-modules.cache
7292f4c36000-7292f4c37000 r--p 00000000 08:30 44767                      /usr/lib/locale/C.utf8/LC_IDENTIFICATION
7292f4c37000-7292f4c9c000 rw-p 00000000 00:00 0 
7292f4c9c000-7292f4ca3000 ---p 00000000 00:00 0 
7292f4ca3000-7292f4cb0000 r--p 00000000 08:30 45403                      /usr/lib/jvm/java-21-openjdk-amd64/lib/libjava.so
7292f4cb0000-7292f4cbf000 r-xp 0000d000 08:30 45403                      /usr/lib/jvm/java-21-openjdk-amd64/lib/libjava.so
7292f4cbf000-7292f4cc4000 r--p 0001c000 08:30 45403                      /usr/lib/jvm/java-21-openjdk-amd64/lib/libjava.so
7292f4cc4000-7292f4cc5000 r--p 00021000 08:30 45403                      /usr/lib/jvm/java-21-openjdk-amd64/lib/libjava.so
7292f4cc5000-7292f4cc6000 rw-p 00022000 08:30 45403                      /usr/lib/jvm/java-21-openjdk-amd64/lib/libjava.so
7292f4cc6000-7292f4cc7000 rw-p 00000000 00:00 0 
7292f4cc7000-7292f4ccf000 rw-s 00000000 08:30 17862                      /tmp/hsperfdata_root/2845
7292f4ccf000-7292f4cd0000 ---p 00000000 00:00 0 
7292f4cd0000-7292f4cd1000 r--p 00000000 00:00 0 
7292f4cd1000-7292f4cd2000 ---p 00000000 00:00 0 
7292f4cd2000-7292f4cd6000 r--p 00000000 08:30 47973                      /usr/lib/x86_64-linux-gnu/libgcc_s.so.1
7292f4cd6000-7292f4cfa000 r-xp 00004000 08:30 47973                      /usr/lib/x86_64-linux-gnu/libgcc_s.so.1
7292f4cfa000-7292f4cfe000 r--p 00028000 08:30 47973                      /usr/lib/x86_64-linux-gnu/libgcc_s.so.1
7292f4cfe000-7292f4cff000 r--p 0002b000 08:30 47973                      /usr/lib/x86_64-linux-gnu/libgcc_s.so.1
7292f4cff000-7292f4d00000 rw-p 0002c000 08:30 47973                      /usr/lib/x86_64-linux-gnu/libgcc_s.so.1
7292f4d00000-7292f4d10000 r--p 00000000 08:30 207491                     /usr/lib/x86_64-linux-gnu/libm.so.6
7292f4d10000-7292f4d8f000 r-xp 00010000 08:30 207491                     /usr/lib/x86_64-linux-gnu/libm.so.6
7292f4d8f000-7292f4de7000 r--p 0008f000 08:30 207491                     /usr/lib/x86_64-linux-gnu/libm.so.6
7292f4de7000-7292f4de8000 r--p 000e7000 08:30 207491                     /usr/lib/x86_64-linux-gnu/libm.so.6
7292f4de8000-7292f4de9000 rw-p 000e8000 08:30 207491                     /usr/lib/x86_64-linux-gnu/libm.so.6
7292f4de9000-7292f4deb000 rw-p 00000000 00:00 0 
7292f4deb000-7292f4ded000 r--p 00000000 08:30 45407                      /usr/lib/jvm/java-21-openjdk-amd64/lib/libjli.so
7292f4ded000-7292f4df7000 r-xp 00002000 08:30 45407                      /usr/lib/jvm/java-21-openjdk-amd64/lib/libjli.so
7292f4df7000-7292f4dfa000 r--p 0000c000 08:30 45407                      /usr/lib/jvm/java-21-openjdk-amd64/lib/libjli.so
7292f4dfa000-7292f4dfb000 r--p 0000f000 08:30 45407                      /usr/lib/jvm/java-21-openjdk-amd64/lib/libjli.so
7292f4dfb000-7292f4dfc000 rw-p 00010000 08:30 45407                      /usr/lib/jvm/java-21-openjdk-amd64/lib/libjli.so
7292f4dfc000-7292f4dfe000 r--p 00000000 08:30 13086                      /usr/lib/x86_64-linux-gnu/libz.so.1.3
7292f4dfe000-7292f4e10000 r-xp 00002000 08:30 13086                      /usr/lib/x86_64-linux-gnu/libz.so.1.3
7292f4e10000-7292f4e16000 r--p 00014000 08:30 13086                      /usr/lib/x86_64-linux-gnu/libz.so.1.3
7292f4e16000-7292f4e17000 r--p 0001a000 08:30 13086                      /usr/lib/x86_64-linux-gnu/libz.so.1.3
7292f4e17000-7292f4e18000 rw-p 0001b000 08:30 13086                      /usr/lib/x86_64-linux-gnu/libz.so.1.3
7292f4e18000-7292f4e1a000 r--p 00000000 08:30 45406                      /usr/lib/jvm/java-21-openjdk-amd64/lib/libjimage.so
7292f4e1a000-7292f4e1d000 r-xp 00002000 08:30 45406                      /usr/lib/jvm/java-21-openjdk-amd64/lib/libjimage.so
7292f4e1d000-7292f4e1e000 r--p 00005000 08:30 45406                      /usr/lib/jvm/java-21-openjdk-amd64/lib/libjimage.so
7292f4e1e000-7292f4e1f000 r--p 00006000 08:30 45406                      /usr/lib/jvm/java-21-openjdk-amd64/lib/libjimage.so
7292f4e1f000-7292f4e20000 rw-p 00007000 08:30 45406                      /usr/lib/jvm/java-21-openjdk-amd64/lib/libjimage.so
7292f4e20000-7292f4e22000 rw-p 00000000 00:00 0 
7292f4e22000-7292f4e23000 r--p 00000000 08:30 207485                     /usr/lib/x86_64-linux-gnu/ld-linux-x86-64.so.2
7292f4e23000-7292f4e4e000 r-xp 00001000 08:30 207485                     /usr/lib/x86_64-linux-gnu/ld-linux-x86-64.so.2
7292f4e4e000-7292f4e58000 r--p 0002c000 08:30 207485                     /usr/lib/x86_64-linux-gnu/ld-linux-x86-64.so.2
7292f4e58000-7292f4e5a000 r--p 00036000 08:30 207485                     /usr/lib/x86_64-linux-gnu/ld-linux-x86-64.so.2
7292f4e5a000-7292f4e5c000 rw-p 00038000 08:30 207485                     /usr/lib/x86_64-linux-gnu/ld-linux-x86-64.so.2
7ffed6f5d000-7ffed6f7f000 rw-p 00000000 00:00 0                          [stack]
7ffed6fc0000-7ffed6fc4000 r--p 00000000 00:00 0                          [vvar]
7ffed6fc4000-7ffed6fc6000 r-xp 00000000 00:00 0                          [vdso]
Total number of mappings: 232

JVMTI agents: none


VM Arguments:
jvm_args: -Djansi.mode=force -Dclassworlds.conf=/usr/share/maven/bin/m2.conf -Dmaven.home=/usr/share/maven -Dlibrary.jansi.path=/usr/share/maven/lib/jansi-native -Dmaven.multiModuleProjectDirectory=/root/Car-project/car-server 
java_command: org.codehaus.plexus.classworlds.launcher.Launcher spring-boot:run
java_class_path (initial): /usr/share/maven/boot/plexus-classworlds-2.x.jar
Launcher Type: SUN_STANDARD

[Global flags]
     intx CICompilerCount                          = 3                                         {product} {ergonomic}
     uint ConcGCThreads                            = 1                                         {product} {ergonomic}
     uint G1ConcRefinementThreads                  = 4                                         {product} {ergonomic}
   size_t G1HeapRegionSize                         = 1048576                                   {product} {ergonomic}
    uintx GCDrainStackTargetSize                   = 64                                        {product} {ergonomic}
   size_t InitialHeapSize                          = 60817408                                  {product} {ergonomic}
   size_t MarkStackSize                            = 4194304                                   {product} {ergonomic}
   size_t MaxHeapSize                              = 950009856                                 {product} {ergonomic}
   size_t MaxNewSize                               = 569376768                                 {product} {ergonomic}
   size_t MinHeapDeltaBytes                        = 1048576                                   {product} {ergonomic}
   size_t MinHeapSize                              = 8388608                                   {product} {ergonomic}
    uintx NonNMethodCodeHeapSize                   = 5832780                                {pd product} {ergonomic}
    uintx NonProfiledCodeHeapSize                  = 122912730                              {pd product} {ergonomic}
    uintx ProfiledCodeHeapSize                     = 122912730                              {pd product} {ergonomic}
    uintx ReservedCodeCacheSize                    = 251658240                              {pd product} {ergonomic}
     bool SegmentedCodeCache                       = true                                      {product} {ergonomic}
   size_t SoftMaxHeapSize                          = 950009856                              {manageable} {ergonomic}
     bool UseCompressedOops                        = true                           {product lp64_product} {ergonomic}
     bool UseG1GC                                  = true                                      {product} {ergonomic}

Logging:
Log output configuration:
 #0: stdout all=warning uptime,level,tags foldmultilines=false
 #1: stderr all=off uptime,level,tags foldmultilines=false

Release file:
IMPLEMENTOR="Ubuntu"
JAVA_RUNTIME_VERSION="21.0.10+7-Ubuntu-124.04"
JAVA_VERSION="21.0.10"
JAVA_VERSION_DATE="2026-01-20"
LIBC="gnu"
MODULES="java.base java.compiler java.datatransfer java.xml java.prefs java.desktop java.instrument java.logging java.management java.security.sasl java.naming java.rmi java.management.rmi java.net.http java.scripting java.security.jgss java.transaction.xa java.sql java.sql.rowset java.xml.crypto java.se java.smartcardio jdk.accessibility jdk.internal.jvmstat jdk.attach jdk.charsets jdk.internal.opt jdk.zipfs jdk.compiler jdk.crypto.ec jdk.crypto.cryptoki jdk.dynalink jdk.internal.ed jdk.editpad jdk.hotspot.agent jdk.httpserver jdk.incubator.vector jdk.internal.le jdk.internal.vm.ci jdk.internal.vm.compiler jdk.internal.vm.compiler.management jdk.jartool jdk.javadoc jdk.jcmd jdk.management jdk.management.agent jdk.jconsole jdk.jdeps jdk.jdwp.agent jdk.jdi jdk.jfr jdk.jlink jdk.jpackage jdk.jshell jdk.jsobject jdk.jstatd jdk.localedata jdk.management.jfr jdk.naming.dns jdk.naming.rmi jdk.net jdk.nio.mapmode jdk.random jdk.sctp jdk.security.auth jdk.security.jgss jdk.unsupported jdk.unsupported.desktop jdk.xml.dom"
OS_ARCH="x86_64"
OS_NAME="Linux"
SOURCE=""

Environment Variables:
PATH=/root/.pyenv/bin:/root/.cargo/bin:/root/.vscode-server/bin/e8653663e8840adaf45af01eab5c627a5af81807/bin/remote-cli:/usr/local/sbin:/usr/local/bin:/usr/sbin:/usr/bin:/sbin:/bin:/usr/games:/usr/local/games:/usr/lib/wsl/lib:/mnt/c/WINDOWS/system32:/mnt/c/WINDOWS:/mnt/c/WINDOWS/System32/Wbem:/mnt/c/WINDOWS/System32/WindowsPowerShell/v1.0/:/mnt/c/WINDOWS/System32/OpenSSH/:/mnt/c/Program Files/Vagrant/bin:/mnt/c/Program Files/MySQL/MySQL Server 8.0/bin:/mnt/c/Program Files/Docker/Docker/resources/bin:/mnt/c/Program Files/Kubernetes/Minikube:/mnt/c/Users/alaidi/AppData/Local/Programs/Python/Python310/Scripts/:/mnt/c/Users/alaidi/AppData/Local/Programs/Python/Python310/:/mnt/c/Users/alaidi/AppData/Local/Microsoft/WindowsApps:/mnt/c/Users/alaidi/AppData/Local/Programs/Microsoft VS Code/bin:/mnt/c/Program Files/MySQL/MySQL Server 8.0/bin:/root/.vscode-server/extensions/vscjava.vscode-java-debug-0.58.5/bundled/scripts/noConfigScripts:/usr/local/go/bin:/usr/local/go/bin
SHELL=/bin/bash
DISPLAY=:0
WAYLAND_DISPLAY=wayland-0
HOSTTYPE=x86_64
LANG=C.UTF-8
TERM=xterm-256color

Active Locale:
LC_ALL=C.UTF-8
LC_COLLATE=C.UTF-8
LC_CTYPE=C.UTF-8
LC_MESSAGES=C.UTF-8
LC_MONETARY=C.UTF-8
LC_NUMERIC=C.UTF-8
LC_TIME=C.UTF-8

Signal Handlers:
   SIGSEGV: crash_handler in libjvm.so, mask=11100100010111111101111111111110, flags=SA_RESTART|SA_SIGINFO, unblocked
    SIGBUS: crash_handler in libjvm.so, mask=11100100010111111101111111111110, flags=SA_RESTART|SA_SIGINFO, unblocked
    SIGFPE: crash_handler in libjvm.so, mask=11100100010111111101111111111110, flags=SA_RESTART|SA_SIGINFO, unblocked
   SIGPIPE: javaSignalHandler in libjvm.so, mask=11100100010111111101111111111110, flags=SA_RESTART|SA_SIGINFO, blocked
   SIGXFSZ: javaSignalHandler in libjvm.so, mask=11100100010111111101111111111110, flags=SA_RESTART|SA_SIGINFO, blocked
    SIGILL: crash_handler in libjvm.so, mask=11100100010111111101111111111110, flags=SA_RESTART|SA_SIGINFO, unblocked
   SIGUSR2: SR_handler in libjvm.so, mask=00000000000000000000000000000000, flags=SA_RESTART|SA_SIGINFO, blocked
    SIGHUP: UserHandler in libjvm.so, mask=11100100010111111101111111111110, flags=SA_RESTART|SA_SIGINFO, blocked
    SIGINT: UserHandler in libjvm.so, mask=11100100010111111101111111111110, flags=SA_RESTART|SA_SIGINFO, blocked
   SIGTERM: UserHandler in libjvm.so, mask=11100100010111111101111111111110, flags=SA_RESTART|SA_SIGINFO, blocked
   SIGQUIT: UserHandler in libjvm.so, mask=11100100010111111101111111111110, flags=SA_RESTART|SA_SIGINFO, blocked
   SIGTRAP: crash_handler in libjvm.so, mask=11100100010111111101111111111110, flags=SA_RESTART|SA_SIGINFO, unblocked


Periodic native trim disabled

---------------  S Y S T E M  ---------------

OS:
DISTRIB_ID=Ubuntu
DISTRIB_RELEASE=24.04
DISTRIB_CODENAME=noble
DISTRIB_DESCRIPTION="Ubuntu 24.04.3 LTS"
uname: Linux 6.6.87.2-microsoft-standard-WSL2 #1 SMP PREEMPT_DYNAMIC Thu Jun  5 18:30:46 UTC 2025 x86_64
OS uptime: 0 days 0:15 hours
libc: glibc 2.39 NPTL 2.39 
rlimit (soft/hard): STACK 8192k/infinity , CORE 0k/infinity , NPROC 14437/14437 , NOFILE 1048576/1048576 , AS infinity/infinity , CPU infinity/infinity , DATA infinity/infinity , FSIZE infinity/infinity , MEMLOCK 65536k/65536k
load average: 2.72 1.32 1.14

/proc/meminfo:
MemTotal:        3706096 kB
MemFree:         2283740 kB
MemAvailable:    2737972 kB
Buffers:           22788 kB
Cached:           456364 kB
SwapCached:        10616 kB
Active:           293544 kB
Inactive:         795424 kB
Active(anon):      23392 kB
Inactive(anon):   604052 kB
Active(file):     270152 kB
Inactive(file):   191372 kB
Unevictable:           0 kB
Mlocked:               0 kB
SwapTotal:       1048576 kB
SwapFree:        1020704 kB
Dirty:              2104 kB
Writeback:             0 kB
AnonPages:        599604 kB
Mapped:            89616 kB
Shmem:             17464 kB
KReclaimable:      83076 kB
Slab:             137940 kB
SReclaimable:      83076 kB
SUnreclaim:        54864 kB
KernelStack:        5952 kB
PageTables:        10016 kB
SecPageTables:         0 kB
NFS_Unstable:          0 kB
Bounce:                0 kB
WritebackTmp:          0 kB
CommitLimit:     2901624 kB
Committed_AS:    2265696 kB
VmallocTotal:   34359738367 kB
VmallocUsed:       29388 kB
VmallocChunk:          0 kB
Percpu:             1920 kB
HardwareCorrupted:     0 kB
AnonHugePages:         0 kB
ShmemHugePages:        0 kB
ShmemPmdMapped:        0 kB
FileHugePages:         0 kB
FilePmdMapped:         0 kB
Unaccepted:            0 kB
HugePages_Total:       0
HugePages_Free:        0
HugePages_Rsvd:        0
HugePages_Surp:        0
Hugepagesize:       2048 kB
Hugetlb:               0 kB
DirectMap4k:       72704 kB
DirectMap2M:     3811328 kB
DirectMap1G:     8388608 kB

/sys/kernel/mm/transparent_hugepage/enabled: always [madvise] never
/sys/kernel/mm/transparent_hugepage/hpage_pmd_size: 2097152
/sys/kernel/mm/transparent_hugepage/defrag (defrag/compaction efforts parameter): always defer defer+madvise [madvise] never

Process Memory:
Virtual Size: 3934956K (peak: 3997532K)
Resident Set Size: 182040K (peak: 191512K) (anon: 170844K, file: 11196K, shmem: 0K)
Swapped out: 0K
C-Heap outstanding allocations: 27635K, retained: 27936K
glibc malloc tunables: (default)

/proc/sys/kernel/threads-max (system-wide limit on the number of threads): 28875
/proc/sys/vm/max_map_count (maximum number of memory map areas a process may have): 1048576
/proc/sys/vm/swappiness (control to define how aggressively the kernel swaps out anonymous memory): 60
/proc/sys/kernel/pid_max (system-wide limit on number of process identifiers): 4194304

container information not found.
Hyper-V virtualization detected
Steal ticks since vm start: 0
Steal ticks percentage since vm start:  0.000

CPU: total 4 (initial active 4) (2 cores per cpu, 2 threads per core) family 6 model 78 stepping 3 microcode 0xffffffff, cx8, cmov, fxsr, ht, mmx, 3dnowpref, sse, sse2, sse3, ssse3, sse4.1, sse4.2, popcnt, lzcnt, tsc, avx, avx2, aes, erms, clmul, bmi1, bmi2, rtm, adx, fma, vzeroupper, clflush, clflushopt, hv, rdtscp, f16c
CPU Model and flags from /proc/cpuinfo:
model name	: Intel(R) Core(TM) i5-6300U CPU @ 2.40GHz
flags		: fpu vme de pse tsc msr pae mce cx8 apic sep mtrr pge mca cmov pat pse36 clflush mmx fxsr sse sse2 ss ht syscall nx pdpe1gb rdtscp lm constant_tsc arch_perfmon rep_good nopl xtopology cpuid tsc_known_freq pni pclmulqdq ssse3 fma cx16 pdcm pcid sse4_1 sse4_2 movbe popcnt aes xsave avx f16c rdrand hypervisor lahf_lm abm 3dnowprefetch pti ssbd ibrs ibpb stibp fsgsbase bmi1 hle avx2 smep bmi2 erms invpcid rtm rdseed adx smap clflushopt xsaveopt xsavec xgetbv1 xsaves md_clear flush_l1d arch_capabilities

Online cpus: 0-3
Offline cpus: 
BIOS frequency limitation: <Not Available>
Frequency switch latency (ns): <Not Available>
Available cpu frequencies: <Not Available>
Current governor: <Not Available>
Core performance/turbo boost: <Not Available>

Memory: 4k page, physical 3706096k(2733808k free), swap 1048576k(1020704k free)
Page Sizes: 4k

vm_info: OpenJDK 64-Bit Server VM (21.0.10+7-Ubuntu-124.04) for linux-amd64 JRE (21.0.10+7-Ubuntu-124.04), built on 2026-01-22T23:46:23Z by "buildd" with gcc 13.3.0

END.
