#
# A fatal error has been detected by the Java Runtime Environment:
#
#  SIGBUS (0x7) at pc=0x0000733b2c60b3b8, pid=2922, tid=3107
#
# JRE version: OpenJDK Runtime Environment (21.0.10+7) (build 21.0.10+7-Ubuntu-124.04)
# Java VM: OpenJDK 64-Bit Server VM (21.0.10+7-Ubuntu-124.04, mixed mode, emulated-client, sharing, tiered, compressed oops, compressed class ptrs, g1 gc, linux-amd64)
# Problematic frame:
# j  java.util.concurrent.locks.LockSupport.park(Ljava/lang/Object;)V+0 java.base@21.0.10
#
# Core dump will be written. Default location: Core dumps may be processed with "/wsl-capture-crash %t %E %p %s" (or dumping to /root/Car-project/car-server/core.2922)
#
# If you would like to submit a bug report, please visit:
#   https://bugs.launchpad.net/ubuntu/+source/openjdk-21
#

---------------  S U M M A R Y ------------

Command Line: -XX:TieredStopAtLevel=1 car.server.CarServerApplication

Host: Intel(R) Core(TM) i5-6300U CPU @ 2.40GHz, 4 cores, 3G, Ubuntu 24.04.3 LTS
Time: Wed Feb 11 14:43:51 2026 +01 elapsed time: 709.421987 seconds (0d 0h 11m 49s)

---------------  T H R E A D  ---------------

Current thread (0x0000733a91e335c0):  JavaThread "http-nio-8080-exec-5" daemon [_thread_in_Java, id=3107, stack(0x0000733ac55a2000,0x0000733ac56a2000) (1024K)]

Stack: [0x0000733ac55a2000,0x0000733ac56a2000],  sp=0x0000733ac56a0378,  free space=1016k
Native frames: (J=compiled Java code, j=interpreted, Vv=VM code, C=native code)
j  java.util.concurrent.locks.LockSupport.park(Ljava/lang/Object;)V+0 java.base@21.0.10
J 5946 c1 java.util.concurrent.locks.AbstractQueuedSynchronizer.acquire(Ljava/util/concurrent/locks/AbstractQueuedSynchronizer$Node;IZZZJ)I java.base@21.0.10 (424 bytes) @ 0x0000733b2d03ad3c [0x0000733b2d03a7e0+0x000000000000055c]
J 5959 c1 java.util.concurrent.locks.AbstractQueuedSynchronizer.reacquire(Ljava/util/concurrent/locks/AbstractQueuedSynchronizer$Node;I)V java.base@21.0.10 (64 bytes) @ 0x0000733b2d03f6c4 [0x0000733b2d03f640+0x0000000000000084]
j  java.util.concurrent.locks.AbstractQueuedSynchronizer$ConditionObject.await()V+148 java.base@21.0.10
j  java.util.concurrent.LinkedBlockingQueue.take()Ljava/lang/Object;+27 java.base@21.0.10
j  org.apache.tomcat.util.threads.TaskQueue.take()Ljava/lang/Runnable;+36
j  org.apache.tomcat.util.threads.TaskQueue.take()Ljava/lang/Object;+1
j  org.apache.tomcat.util.threads.ThreadPoolExecutor.getTask()Ljava/lang/Runnable;+147
j  org.apache.tomcat.util.threads.ThreadPoolExecutor.runWorker(Lorg/apache/tomcat/util/threads/ThreadPoolExecutor$Worker;)V+26
j  org.apache.tomcat.util.threads.ThreadPoolExecutor$Worker.run()V+5
j  org.apache.tomcat.util.threads.TaskThread$WrappingRunnable.run()V+4
j  java.lang.Thread.runWith(Ljava/lang/Object;Ljava/lang/Runnable;)V+5 java.base@21.0.10
j  java.lang.Thread.run()V+19 java.base@21.0.10
v  ~StubRoutines::call_stub 0x0000733b2c600cc6
V  [libjvm.so+0x9140ba]  JavaCalls::call_helper(JavaValue*, methodHandle const&, JavaCallArguments*, JavaThread*)+0x2da